<?xml version="1.0" encoding="utf-8"?><testsuites><testsuite name="pytest" errors="0" failures="33" skipped="1" tests="733" time="175.587" timestamp="2026-09-13T19:37:09.909532" hostname="fc0ea75c0e8a"><testcase classname="tests.test_smart" name="test_smart_task_name" time="0.000" /><testcase classname="tests.test_smart" name="test_smart_future_init_no_args" time="0.000" /><testcase classname="tests.test_smart" name="test_smart_future_init_loop_arg" time="0.000" /><testcase classname="tests.a_sync.test_base" name="test_method_async[7-TestSync]" time="0.007" /><testcase classname="tests.test_smart" name="test_smart_future_await" time="0.006" /><testcase classname="tests.a_sync.test_base" name="test_property_async[8-TestClass]" time="0.008" /><testcase classname="tests.a_sync.test_base" name="test_method_async[7-TestInheritor]" time="0.007" /><testcase classname="tests.a_sync.test_base" name="test_method_async[7-TestMeta]" time="0.007" /><testcase classname="tests.a_sync.test_base" name="test_property_async[8-TestInheritor]" time="0.008" /><testcase classname="tests.a_sync.test_base" name="test_method_async[8-TestClass]" time="0.007" /><testcase classname="tests.a_sync.test_base" name="test_property_async[8-TestMeta]" time="0.008" /><testcase classname="tests.test_smart" name="test_smart_future_await_cancelled" time="0.006" /><testcase classname="tests.a_sync.test_base" name="test_method_async[8-TestSync]" time="0.007" /><testcase classname="tests.a_sync.test_base" name="test_property_async[9-TestClass]" time="0.008" /><testcase classname="tests.test_smart" name="test_smart_future_await_exc" time="0.006" /><testcase classname="tests.a_sync.test_base" name="test_method_async[8-TestInheritor]" time="0.007" /><testcase classname="tests.a_sync.test_base" name="test_method_async[8-TestMeta]" time="0.007" /><testcase classname="tests.test_smart" name="test_smart_task_await_exc" time="0.006" /><testcase classname="tests.a_sync.test_base" name="test_property_async[9-TestInheritor]" time="0.008" /><testcase classname="tests.a_sync.test_base" name="test_method_async[9-TestClass]" time="0.007" /><testcase classname="tests.a_sync.test_base" name="test_property_async[9-TestMeta]" time="0.009" /><testcase classname="tests.test_smart" name="test_smart_task_await_cancelled" time="0.006" /><testcase classname="tests.a_sync.test_base" name="test_method_async[9-TestSync]" time="0.007" /><testcase classname="tests.a_sync.test_base" name="test_method_async[9-TestInheritor]" time="0.007" /><testcase classname="tests.a_sync.test_base" name="test_method_async[9-TestMeta]" time="0.007" /><testcase classname="tests.test_smart" name="test_shield_exc" time="0.006" /><testcase classname="tests.a_sync.test_base" name="test_property_async[0-TestClass]" time="0.007" /><testcase classname="tests.test_smart" name="test_shield_cancel_inner" time="0.006" /><testcase classname="tests.a_sync.test_base" name="test_property_async[0-TestInheritor]" time="0.008" /><testcase classname="tests.a_sync.test_base" name="test_method_async[0-TestClass]" time="0.006" /><testcase classname="tests.a_sync.test_base" name="test_property_async[0-TestMeta]" time="0.008" /><testcase classname="tests.a_sync.test_base" name="test_method_async[0-TestSync]" time="0.006" /><testcase classname="tests.a_sync.test_base" name="test_property_async[1-TestClass]" time="0.008" /><testcase classname="tests.a_sync.test_base" name="test_method_async[0-TestInheritor]" time="0.006" /><testcase classname="tests.a_sync.test_base" name="test_method_async[0-TestMeta]" time="0.006" /><testcase classname="tests.a_sync.test_base" name="test_property_async[1-TestInheritor]" time="0.008" /><testcase classname="tests.a_sync.test_base" name="test_method_async[1-TestClass]" time="0.006" /><testcase classname="tests.a_sync.test_base" name="test_property_async[1-TestMeta]" time="0.008" /><testcase classname="tests.a_sync.test_base" name="test_method_async[1-TestSync]" time="0.007" /><testcase classname="tests.a_sync.test_base" name="test_property_async[2-TestClass]" time="0.008" /><testcase classname="tests.a_sync.test_base" name="test_method_async[1-TestInheritor]" time="0.006" /><testcase classname="tests.a_sync.test_base" name="test_method_async[1-TestMeta]" time="0.007" /><testcase classname="tests.a_sync.test_base" name="test_property_async[2-TestInheritor]" time="0.008" /><testcase classname="tests.a_sync.test_base" name="test_method_async[2-TestClass]" time="0.007" /><testcase classname="tests.a_sync.test_base" name="test_property_async[2-TestMeta]" time="0.008" /><testcase classname="tests.a_sync.test_base" name="test_method_async[2-TestSync]" time="0.007" /><testcase classname="tests.a_sync.test_base" name="test_property_async[3-TestClass]" time="0.008" /><testcase classname="tests.a_sync.test_base" name="test_method_async[2-TestInheritor]" time="0.007" /><testcase classname="tests.a_sync.test_base" name="test_method_async[2-TestMeta]" time="0.007" /><testcase classname="tests.a_sync.test_base" name="test_property_async[3-TestInheritor]" time="0.008" /><testcase classname="tests.a_sync.test_base" name="test_method_async[3-TestClass]" time="0.007" /><testcase classname="tests.a_sync.test_base" name="test_property_async[3-TestMeta]" time="0.008" /><testcase classname="tests.a_sync.test_base" name="test_method_async[3-TestSync]" time="0.007" /><testcase classname="tests.a_sync.test_base" name="test_property_async[4-TestClass]" time="0.008" /><testcase classname="tests.a_sync.test_base" name="test_method_async[3-TestInheritor]" time="0.007" /><testcase classname="tests.a_sync.test_base" name="test_method_async[3-TestMeta]" time="0.007" /><testcase classname="tests.a_sync.test_base" name="test_property_async[4-TestInheritor]" time="0.008" /><testcase classname="tests.a_sync.test_base" name="test_method_async[4-TestClass]" time="0.007" /><testcase classname="tests.a_sync.test_base" name="test_property_async[4-TestMeta]" time="0.008" /><testcase classname="tests.a_sync.test_base" name="test_method_async[4-TestSync]" time="0.007" /><testcase classname="tests.a_sync.test_base" name="test_property_async[5-TestClass]" time="0.008" /><testcase classname="tests.a_sync.test_base" name="test_method_async[4-TestInheritor]" time="0.007" /><testcase classname="tests.a_sync.test_base" name="test_method_async[4-TestMeta]" time="0.007" /><testcase classname="tests.a_sync.test_base" name="test_property_async[5-TestInheritor]" time="0.008" /><testcase classname="tests.a_sync.test_base" name="test_method_async[5-TestClass]" time="0.007" /><testcase classname="tests.a_sync.test_base" name="test_property_async[5-TestMeta]" time="0.008" /><testcase classname="tests.a_sync.test_base" name="test_method_async[5-TestSync]" time="0.007" /><testcase classname="tests.a_sync.test_base" name="test_property_async[6-TestClass]" time="0.008" /><testcase classname="tests.a_sync.test_base" name="test_method_async[5-TestInheritor]" time="0.007" /><testcase classname="tests.a_sync.test_base" name="test_method_async[5-TestMeta]" time="0.007" /><testcase classname="tests.a_sync.test_base" name="test_property_async[6-TestInheritor]" time="0.008" /><testcase classname="tests.a_sync.test_base" name="test_method_async[6-TestClass]" time="0.007" /><testcase classname="tests.a_sync.test_base" name="test_property_async[6-TestMeta]" time="0.008" /><testcase classname="tests.a_sync.test_base" name="test_method_async[6-TestSync]" time="0.007" /><testcase classname="tests.a_sync.test_base" name="test_property_async[7-TestClass]" time="0.008" /><testcase classname="tests.a_sync.test_base" name="test_method_async[6-TestInheritor]" time="0.007" /><testcase classname="tests.a_sync.test_base" name="test_method_async[6-TestMeta]" time="0.007" /><testcase classname="tests.a_sync.test_base" name="test_property_async[7-TestInheritor]" time="0.008" /><testcase classname="tests.a_sync.test_base" name="test_method_async[7-TestClass]" time="0.007" /><testcase classname="tests.a_sync.test_base" name="test_property_async[7-TestMeta]" time="0.008" /><testcase classname="tests.a_sync.test_base" name="test_property_async[1-TestSync]" time="0.031" /><testcase classname="tests.a_sync.test_base" name="test_property_async[5-TestSync]" time="0.031" /><testcase classname="tests.a_sync.test_base" name="test_property_async[3-TestSync]" time="0.031" /><testcase classname="tests.a_sync.test_base" name="test_property_async[0-TestSync]" time="0.031" /><testcase classname="tests.a_sync.test_base" name="test_property_async[6-TestSync]" time="0.031" /><testcase classname="tests.a_sync.test_base" name="test_property_async[4-TestSync]" time="0.031" /><testcase classname="tests.a_sync.test_base" name="test_property_async[2-TestSync]" time="0.031" /><testcase classname="tests.a_sync.test_base" name="test_property_async[9-TestSync]" time="0.032" /><testcase classname="tests.a_sync.test_base" name="test_property_async[8-TestSync]" time="0.032" /><testcase classname="tests.a_sync.test_base" name="test_property_async[7-TestSync]" time="0.033" /><testcase classname="tests.test_smart" name="test_smart_task_await" time="0.104" /><testcase classname="tests.test_smart" name="test_shield_cancel_outer" time="1.007" /><testcase classname="tests.test_smart" name="test_shield" time="1.008" /><testcase classname="tests.a_sync.test_base" name="test_cached_property_async[0-TestInheritor]" time="2.034" /><testcase classname="tests.a_sync.test_base" name="test_cached_property_async[1-TestMeta]" time="2.029" /><testcase classname="tests.a_sync.test_base" name="test_cached_property_async[0-TestClass]" time="2.034" /><testcase classname="tests.a_sync.test_base" name="test_cached_property_async[0-TestMeta]" time="2.034" /><testcase classname="tests.a_sync.test_base" name="test_cached_property_async[1-TestInheritor]" time="2.034" /><testcase classname="tests.a_sync.test_base" name="test_cached_property_async[0-TestSync]" time="2.034" /><testcase classname="tests.a_sync.test_base" name="test_cached_property_async[1-TestClass]" time="2.034" /><testcase classname="tests.a_sync.test_base" name="test_cached_property_async[2-TestClass]" time="2.005" /><testcase classname="tests.a_sync.test_base" name="test_cached_property_async[2-TestInheritor]" time="2.005" /><testcase classname="tests.a_sync.test_base" name="test_cached_property_async[2-TestSync]" time="2.006" /><testcase classname="tests.a_sync.test_base" name="test_cached_property_async[1-TestSync]" time="2.038" /><testcase classname="tests.a_sync.test_base" name="test_cached_property_async[2-TestMeta]" time="2.005" /><testcase classname="tests.a_sync.test_base" name="test_cached_property_async[3-TestClass]" time="2.007" /><testcase classname="tests.a_sync.test_base" name="test_cached_property_async[3-TestInheritor]" time="2.006" /><testcase classname="tests.a_sync.test_base" name="test_cached_property_async[3-TestSync]" time="2.008" /><testcase classname="tests.a_sync.test_base" name="test_cached_property_async[3-TestMeta]" time="2.001" /><testcase classname="tests.a_sync.test_base" name="test_cached_property_async[4-TestClass]" time="2.002" /><testcase classname="tests.a_sync.test_base" name="test_cached_property_async[4-TestSync]" time="2.003" /><testcase classname="tests.a_sync.test_base" name="test_cached_property_async[4-TestInheritor]" time="2.002" /><testcase classname="tests.a_sync.test_base" name="test_cached_property_async[4-TestMeta]" time="2.010" /><testcase classname="tests.a_sync.test_base" name="test_cached_property_async[5-TestClass]" time="2.005" /><testcase classname="tests.a_sync.test_base" name="test_cached_property_async[5-TestSync]" time="2.006" /><testcase classname="tests.a_sync.test_base" name="test_cached_property_async[5-TestInheritor]" time="2.009" /><testcase classname="tests.a_sync.test_base" name="test_cached_property_async[5-TestMeta]" time="2.007" /><testcase classname="tests.a_sync.test_base" name="test_cached_property_async[6-TestClass]" time="2.006" /><testcase classname="tests.a_sync.test_base" name="test_cached_property_async[6-TestSync]" time="2.010" /><testcase classname="tests.a_sync.test_base" name="test_cached_property_async[6-TestInheritor]" time="2.008" /><testcase classname="tests.a_sync.test_base" name="test_cached_property_async[6-TestMeta]" time="2.001" /><testcase classname="tests.a_sync.test_base" name="test_cached_property_async[7-TestClass]" time="2.007" /><testcase classname="tests.a_sync.test_base" name="test_cached_property_async[7-TestSync]" time="2.004" /><testcase classname="tests.a_sync.test_base" name="test_cached_property_async[7-TestInheritor]" time="2.004" /><testcase classname="tests.a_sync.test_base" name="test_cached_property_async[7-TestMeta]" time="2.008" /><testcase classname="tests.a_sync.test_base" name="test_cached_property_async[8-TestClass]" time="2.003" /><testcase classname="tests.a_sync.test_base" name="test_cached_property_async[8-TestSync]" time="2.006" /><testcase classname="tests.a_sync.test_base" name="test_cached_property_async[8-TestInheritor]" time="2.008" /><testcase classname="tests.a_sync.test_base" name="test_cached_property_async[8-TestMeta]" time="2.003" /><testcase classname="tests.a_sync.test_base" name="test_cached_property_async[9-TestClass]" time="2.007" /><testcase classname="tests.a_sync.test_base" name="test_cached_property_async[9-TestSync]" time="2.004" /><testcase classname="tests.a_sync.test_base" name="test_asynchronous_context_manager" time="0.001" /><testcase classname="tests.a_sync.test_base" name="test_asynchronous_iteration" time="0.000" /><testcase classname="tests.a_sync.test_base" name="test_bound_generator_meta_async" time="0.001" /><testcase classname="tests.a_sync.test_limiter" name="test_semaphore[0]" time="0.000" /><testcase classname="tests.a_sync.test_limiter" name="test_semaphore[1]" time="0.000" /><testcase classname="tests.a_sync.test_limiter" name="test_semaphore[2]" time="0.000" /><testcase classname="tests.a_sync.test_limiter" name="test_semaphore[3]" time="0.000" /><testcase classname="tests.a_sync.test_limiter" name="test_semaphore[4]" time="0.000" /><testcase classname="tests.a_sync.test_limiter" name="test_semaphore[5]" time="0.000" /><testcase classname="tests.a_sync.test_limiter" name="test_semaphore[6]" time="0.000" /><testcase classname="tests.a_sync.test_limiter" name="test_semaphore[7]" time="0.000" /><testcase classname="tests.a_sync.test_limiter" name="test_semaphore[8]" time="0.000" /><testcase classname="tests.a_sync.test_limiter" name="test_semaphore[9]" time="0.000" /><testcase classname="tests.a_sync.test_limiter" name="test_semaphore_property[0]" time="0.000" /><testcase classname="tests.a_sync.test_limiter" name="test_semaphore_property[1]" time="0.000" /><testcase classname="tests.a_sync.test_limiter" name="test_semaphore_property[2]" time="0.000" /><testcase classname="tests.a_sync.test_limiter" name="test_semaphore_property[3]" time="0.000" /><testcase classname="tests.a_sync.test_limiter" name="test_semaphore_property[4]" time="0.000" /><testcase classname="tests.a_sync.test_limiter" name="test_semaphore_property[5]" time="0.000" /><testcase classname="tests.a_sync.test_limiter" name="test_semaphore_property[6]" time="0.000" /><testcase classname="tests.a_sync.test_limiter" name="test_semaphore_property[7]" time="0.000" /><testcase classname="tests.a_sync.test_limiter" name="test_semaphore_property[8]" time="0.000" /><testcase classname="tests.a_sync.test_limiter" name="test_semaphore_property[9]" time="0.000" /><testcase classname="tests.a_sync.test_base" name="test_cached_property_async[9-TestInheritor]" time="2.003" /><testcase classname="tests.a_sync.test_base" name="test_cached_property_async[9-TestMeta]" time="2.004" /><testcase classname="tests.a_sync.test_limiter" name="test_semaphore_cached_property[0]" time="2.007" /><testcase classname="tests.a_sync.test_limiter" name="test_semaphore_cached_property[1]" time="2.006" /><testcase classname="tests.a_sync.test_limiter" name="test_semaphore_cached_property[2]" time="2.006" /><testcase classname="tests.a_sync.test_limiter" name="test_semaphore_cached_property[3]" time="2.007" /><testcase classname="tests.a_sync.test_limiter" name="test_semaphore_cached_property[4]" time="2.007" /><testcase classname="tests.a_sync.test_limiter" name="test_semaphore_cached_property[5]" time="2.006" /><testcase classname="tests.a_sync.test_limiter" name="test_semaphore_cached_property[6]" time="2.002" /><testcase classname="tests.a_sync.test_limiter" name="test_semaphore_cached_property[7]" time="2.003" /><testcase classname="tests.a_sync.test_limiter" name="test_semaphore_cached_property[8]" time="2.007" /><testcase classname="tests.a_sync.test_limiter" name="test_semaphore_cached_property[9]" time="2.007" /><testcase classname="tests.a_sync.test_meta" name="test_singleton_meta_async[1-TestSingleton]" time="0.972" /><testcase classname="tests.a_sync.test_meta" name="test_singleton_meta_async[0-TestSingleton]" time="2.008" /><testcase classname="tests.a_sync.test_meta" name="test_singleton_meta_async[0-TestSingletonMeta]" time="2.007" /><testcase classname="tests.a_sync.test_meta" name="test_singleton_meta_async[1-TestSingletonMeta]" time="0.061" /><testcase classname="tests.a_sync.test_meta" name="test_singleton_meta_async[2-TestSingleton]" time="0.000" /><testcase classname="tests.a_sync.test_meta" name="test_singleton_meta_async[2-TestSingletonMeta]" time="0.000" /><testcase classname="tests.a_sync.test_meta" name="test_singleton_meta_async[3-TestSingleton]" time="0.000" /><testcase classname="tests.a_sync.test_meta" name="test_singleton_meta_async[3-TestSingletonMeta]" time="0.000" /><testcase classname="tests.a_sync.test_meta" name="test_singleton_meta_async[4-TestSingleton]" time="0.000" /><testcase classname="tests.a_sync.test_meta" name="test_singleton_meta_async[4-TestSingletonMeta]" time="0.000" /><testcase classname="tests.a_sync.test_meta" name="test_singleton_meta_async[5-TestSingleton]" time="0.000" /><testcase classname="tests.a_sync.test_meta" name="test_singleton_meta_async[5-TestSingletonMeta]" time="0.000" /><testcase classname="tests.a_sync.test_meta" name="test_singleton_meta_async[6-TestSingleton]" time="0.000" /><testcase classname="tests.a_sync.test_meta" name="test_singleton_meta_async[6-TestSingletonMeta]" time="0.000" /><testcase classname="tests.a_sync.test_meta" name="test_singleton_meta_async[7-TestSingleton]" time="0.000" /><testcase classname="tests.a_sync.test_meta" name="test_singleton_meta_async[7-TestSingletonMeta]" time="0.000" /><testcase classname="tests.a_sync.test_meta" name="test_singleton_meta_async[8-TestSingleton]" time="0.000" /><testcase classname="tests.a_sync.test_meta" name="test_singleton_meta_async[8-TestSingletonMeta]" time="0.000" /><testcase classname="tests.a_sync.test_meta" name="test_singleton_meta_async[9-TestSingleton]" time="0.000" /><testcase classname="tests.a_sync.test_meta" name="test_singleton_meta_async[9-TestSingletonMeta]" time="0.000" /><testcase classname="tests.a_sync.test_property" name="test_property_descriptor_any_async" time="0.001" /><testcase classname="tests.a_sync.test_property" name="test_property_descriptor_all_async" time="0.000" /><testcase classname="tests.a_sync.test_property" name="test_property_descriptor_min_async" time="0.000" /><testcase classname="tests.a_sync.test_property" name="test_property_descriptor_max_async" time="0.000" /><testcase classname="tests.a_sync.test_property" name="test_property_descriptor_sum_async" time="0.000" /><testcase classname="tests.a_sync.modifiers.test_apply_semaphore" name="test_apply_semaphore_int" time="0.000" /><testcase classname="tests.a_sync.modifiers.test_apply_semaphore" name="test_apply_semaphore_asyncio_semaphore" time="0.000" /><testcase classname="tests.a_sync.modifiers.test_apply_semaphore" name="test_apply_semaphore_a_sync_semaphore" time="0.000" /><testcase classname="tests.a_sync.modifiers.test_apply_semaphore" name="test_apply_semaphore_failure_int" time="0.000" /><testcase classname="tests.a_sync.modifiers.test_apply_semaphore" name="test_apply_semaphore_failure_asyncio_semaphore" time="0.000" /><testcase classname="tests.a_sync.modifiers.test_apply_semaphore" name="test_apply_semaphore_failure_a_sync_semaphore" time="0.000" /><testcase classname="tests.asyncio.test_as_completed" name="test_as_completed_with_awaitables" time="0.012" /><testcase classname="tests.asyncio.test_as_completed" name="test_as_completed_with_awaitables_aiter" time="0.013" /><testcase classname="tests.asyncio.test_as_completed" name="test_as_completed_with_mapping" time="0.013" /><testcase classname="tests.asyncio.test_as_completed" name="test_as_completed_with_mapping_aiter" time="0.013" /><testcase classname="tests.asyncio.test_as_completed" name="test_as_completed_with_timeout" time="0.053" /><testcase classname="tests.asyncio.test_as_completed" name="test_as_completed_with_timeout_aiter" time="0.052" /><testcase classname="tests.asyncio.test_as_completed" name="test_as_completed_return_exceptions" time="0.000" /><testcase classname="tests.asyncio.test_as_completed" name="test_as_completed_return_exceptions_aiter" time="0.000" /><testcase classname="tests.asyncio.test_as_completed" name="test_as_completed_with_tqdm_disabled" time="0.013" /><testcase classname="tests.asyncio.test_as_completed" name="test_as_completed_with_tqdm_disabled_aiter" time="0.012" /><testcase classname="tests.asyncio.test_as_completed" name="test_as_completed_with_mapping_and_return_exceptions" time="0.013" /><testcase classname="tests.asyncio.test_as_completed" name="test_as_completed_with_mapping_and_return_exceptions_aiter" time="0.011" /><testcase classname="tests.asyncio.test_as_completed" name="test_return_exceptions_preserves_cancelled_child_and_other_results[False-False]" time="0.000"><failure message="asyncio.exceptions.CancelledError">mapping = False, aiter = False

    @pytest.mark.asyncio_cooperative
    @pytest.mark.parametrize("mapping", [False, True])
    @pytest.mark.parametrize("aiter", [False, True])
    async def test_return_exceptions_preserves_cancelled_child_and_other_results(mapping, aiter):
        loop = asyncio.get_running_loop()
        cancelled = loop.create_future()
        cancelled.cancel()
        completed = loop.create_future()
        completed.set_result(42)
        inputs = {"cancelled": cancelled, "completed": completed} if mapping else [cancelled, completed]
        iterator = a_sync.as_completed(inputs, return_exceptions=True, aiter=aiter)
        results = (
&gt;           [result async for result in iterator] if aiter else [await result for result in iterator]
        )

tests/asyncio/test_as_completed.py:125: 
_ _ _ _ _ _ _ _ _ _ _ _ _ _ _ _ _ _ _ _ _ _ _ _ _ _ _ _ _ _ _ _ _ _ _ _ _ _ _ _ 
/usr/local/lib/python3.12/asyncio/tasks.py:631: in _wait_for_one
    return f.result()  # May raise f.exception().
_ _ _ _ _ _ _ _ _ _ _ _ _ _ _ _ _ _ _ _ _ _ _ _ _ _ _ _ _ _ _ _ _ _ _ _ _ _ _ _ 

&gt;   ???
E   asyncio.exceptions.CancelledError

a_sync/asyncio/as_completed.pyx:210: CancelledError</failure></testcase><testcase classname="tests.asyncio.test_as_completed" name="test_return_exceptions_preserves_cancelled_child_and_other_results[False-True]" time="0.000"><failure message="asyncio.exceptions.CancelledError">mapping = True, aiter = False

    @pytest.mark.asyncio_cooperative
    @pytest.mark.parametrize("mapping", [False, True])
    @pytest.mark.parametrize("aiter", [False, True])
    async def test_return_exceptions_preserves_cancelled_child_and_other_results(mapping, aiter):
        loop = asyncio.get_running_loop()
        cancelled = loop.create_future()
        cancelled.cancel()
        completed = loop.create_future()
        completed.set_result(42)
        inputs = {"cancelled": cancelled, "completed": completed} if mapping else [cancelled, completed]
        iterator = a_sync.as_completed(inputs, return_exceptions=True, aiter=aiter)
        results = (
&gt;           [result async for result in iterator] if aiter else [await result for result in iterator]
        )

tests/asyncio/test_as_completed.py:125: 
_ _ _ _ _ _ _ _ _ _ _ _ _ _ _ _ _ _ _ _ _ _ _ _ _ _ _ _ _ _ _ _ _ _ _ _ _ _ _ _ 
/usr/local/lib/python3.12/asyncio/tasks.py:631: in _wait_for_one
    return f.result()  # May raise f.exception().
_ _ _ _ _ _ _ _ _ _ _ _ _ _ _ _ _ _ _ _ _ _ _ _ _ _ _ _ _ _ _ _ _ _ _ _ _ _ _ _ 

&gt;   ???
E   asyncio.exceptions.CancelledError

a_sync/asyncio/as_completed.pyx:264: CancelledError</failure></testcase><testcase classname="tests.asyncio.test_as_completed" name="test_return_exceptions_preserves_cancelled_child_and_other_results[True-False]" time="0.000"><failure message="asyncio.exceptions.CancelledError">mapping = False, aiter = True

    @pytest.mark.asyncio_cooperative
    @pytest.mark.parametrize("mapping", [False, True])
    @pytest.mark.parametrize("aiter", [False, True])
    async def test_return_exceptions_preserves_cancelled_child_and_other_results(mapping, aiter):
        loop = asyncio.get_running_loop()
        cancelled = loop.create_future()
        cancelled.cancel()
        completed = loop.create_future()
        completed.set_result(42)
        inputs = {"cancelled": cancelled, "completed": completed} if mapping else [cancelled, completed]
        iterator = a_sync.as_completed(inputs, return_exceptions=True, aiter=aiter)
        results = (
&gt;           [result async for result in iterator] if aiter else [await result for result in iterator]
        )

tests/asyncio/test_as_completed.py:125: 
_ _ _ _ _ _ _ _ _ _ _ _ _ _ _ _ _ _ _ _ _ _ _ _ _ _ _ _ _ _ _ _ _ _ _ _ _ _ _ _ 
a_sync/asyncio/as_completed.pyx:239: in __yield_as_completed
    ???
/usr/local/lib/python3.12/asyncio/tasks.py:631: in _wait_for_one
    return f.result()  # May raise f.exception().
_ _ _ _ _ _ _ _ _ _ _ _ _ _ _ _ _ _ _ _ _ _ _ _ _ _ _ _ _ _ _ _ _ _ _ _ _ _ _ _ 

&gt;   ???
E   asyncio.exceptions.CancelledError

a_sync/asyncio/as_completed.pyx:210: CancelledError</failure></testcase><testcase classname="tests.asyncio.test_as_completed" name="test_return_exceptions_preserves_cancelled_child_and_other_results[True-True]" time="0.000"><failure message="asyncio.exceptions.CancelledError">mapping = True, aiter = True

    @pytest.mark.asyncio_cooperative
    @pytest.mark.parametrize("mapping", [False, True])
    @pytest.mark.parametrize("aiter", [False, True])
    async def test_return_exceptions_preserves_cancelled_child_and_other_results(mapping, aiter):
        loop = asyncio.get_running_loop()
        cancelled = loop.create_future()
        cancelled.cancel()
        completed = loop.create_future()
        completed.set_result(42)
        inputs = {"cancelled": cancelled, "completed": completed} if mapping else [cancelled, completed]
        iterator = a_sync.as_completed(inputs, return_exceptions=True, aiter=aiter)
        results = (
&gt;           [result async for result in iterator] if aiter else [await result for result in iterator]
        )

tests/asyncio/test_as_completed.py:125: 
_ _ _ _ _ _ _ _ _ _ _ _ _ _ _ _ _ _ _ _ _ _ _ _ _ _ _ _ _ _ _ _ _ _ _ _ _ _ _ _ 
a_sync/asyncio/as_completed.pyx:239: in __yield_as_completed
    ???
/usr/local/lib/python3.12/asyncio/tasks.py:631: in _wait_for_one
    return f.result()  # May raise f.exception().
_ _ _ _ _ _ _ _ _ _ _ _ _ _ _ _ _ _ _ _ _ _ _ _ _ _ _ _ _ _ _ _ _ _ _ _ _ _ _ _ 

&gt;   ???
E   asyncio.exceptions.CancelledError

a_sync/asyncio/as_completed.pyx:264: CancelledError</failure></testcase><testcase classname="tests.asyncio.test_as_completed" name="test_exception_wrapper_propagates_its_own_cancellation[False]" time="0.000" /><testcase classname="tests.asyncio.test_as_completed" name="test_exception_wrapper_propagates_its_own_cancellation[True]" time="0.000" /><testcase classname="tests.asyncio.test_create_task" name="test_create_task_with_coroutine" time="0.000" /><testcase classname="tests.asyncio.test_create_task" name="test_create_task_with_future" time="0.000" /><testcase classname="tests.asyncio.test_create_task" name="test_create_task_with_name" time="0.000" /><testcase classname="tests.asyncio.test_create_task" name="test_create_task_skip_gc_until_done" time="0.000"><failure message="AssertionError: assert 1 == 0&#10; +  where 1 = len({&lt;Task finished name='' coro=&lt;&lt;coroutine without __name__&gt;()&gt; result='GC Test'&gt;})">@pytest.mark.asyncio_cooperative
    async def test_create_task_skip_gc_until_done():
        async def sample_coroutine():
            return "GC Test"
    
        persisted_tasks = _get_persisted_tasks()
    
        assert len(persisted_tasks) == 0
        task = create_task(sample_coroutine(), skip_gc_until_done=True)
        assert len(persisted_tasks) == 1
        result = await task
        assert next(iter(persisted_tasks)).done()
        # create some junk task to trigger the pruning of the persisted task set
        create_task(sleep(0))
&gt;       assert len(persisted_tasks) == 0
E       AssertionError: assert 1 == 0
E        +  where 1 = len({&lt;Task finished name='' coro=&lt;&lt;coroutine without __name__&gt;()&gt; result='GC Test'&gt;})

tests/asyncio/test_create_task.py:53: AssertionError</failure></testcase><testcase classname="tests.asyncio.test_create_task" name="test_create_task_log_destroy_pending" time="0.000" /><testcase classname="tests.asyncio.test_create_task" name="test_create_task_handles_non_coroutine_awaitable" time="0.000" /><testcase classname="tests.asyncio.test_gather" name="test_gather_with_awaitables" time="0.105" /><testcase classname="tests.asyncio.test_gather" name="test_cgather_with_awaitables" time="0.105" /><testcase classname="tests.asyncio.test_gather" name="test_igather_with_awaitables" time="0.105" /><testcase classname="tests.asyncio.test_gather" name="test_gather_with_awaitables_and_tqdm" time="0.109" /><testcase classname="tests.asyncio.test_gather" name="test_gather_with_mapping_and_tqdm" time="0.106" /><testcase classname="tests.asyncio.test_gather" name="test_gather_with_exceptions" time="0.000" /><testcase classname="tests.asyncio.test_gather" name="test_cgather_with_exceptions" time="0.000" /><testcase classname="tests.asyncio.test_gather" name="test_igather_with_exceptions" time="0.000" /><testcase classname="tests.asyncio.test_gather" name="test_gather_with_return_exceptions" time="0.000" /><testcase classname="tests.asyncio.test_gather" name="test_cgather_with_return_exceptions" time="0.000" /><testcase classname="tests.asyncio.test_gather" name="test_igather_with_return_exceptions" time="0.000" /><testcase classname="tests.asyncio.test_gather" name="test_gather_with_return_exceptions_and_tqdm" time="0.000" /><testcase classname="tests.asyncio.test_igather" name="test_igather" time="0.000" /><testcase classname="tests.iter.test_asyncgenfunc" name="test_a_sync_generator_function_call_aiter" time="0.000" /><testcase classname="tests.iter.test_asyncgenfunc" name="test_a_sync_generator_method_call_aiter" time="0.000" /><testcase classname="tests.iter.test_asyncgenfunc" name="test_a_sync_generator_function_call_await" time="0.000" /><testcase classname="tests.iter.test_asyncgenfunc" name="test_a_sync_generator_method_call_await" time="0.000" /><testcase classname="tests.iter.test_iterables" name="test_async[ASyncIterable]" time="0.000" /><testcase classname="tests.iter.test_iterables" name="test_async[ASyncIterator]" time="0.000" /><testcase classname="tests.iter.test_iterables" name="test_async_empty[ASyncIterable]" time="0.000" /><testcase classname="tests.iter.test_iterables" name="test_async_empty[ASyncIterator]" time="0.000" /><testcase classname="tests.iter.test_iterables" name="test_async_partial[ASyncIterable]" time="0.000" /><testcase classname="tests.iter.test_iterables" name="test_async_partial[ASyncIterator]" time="0.000" /><testcase classname="tests.iter.test_iterables" name="test_stop_iteration_async[ASyncIterable]" time="0.000" /><testcase classname="tests.iter.test_iterables" name="test_stop_iteration_async[ASyncIterator]" time="0.000" /><testcase classname="tests.iter.test_iterables" name="test_aiterable_decorated_func_async" time="0.000" /><testcase classname="tests.iter.test_iterables" name="test_aiterator_decorated_func_async" time="0.000" /><testcase classname="tests.iter.test_iterables" name="test_aiterable_decorated_method_async" time="0.000" /><testcase classname="tests.iter.test_iterables" name="test_aiterator_decorated_method_async" time="0.000" /><testcase classname="tests.iter.test_iterables" name="test_async_error_handling[ASyncIterable]" time="0.000" /><testcase classname="tests.iter.test_iterables" name="test_async_error_handling[ASyncIterator]" time="0.000" /><testcase classname="tests.iter.test_iterables" name="test_async_with_iterable[ASyncIterable]" time="0.000" /><testcase classname="tests.iter.test_iterables" name="test_async_with_iterable[ASyncIterator]" time="0.000" /><testcase classname="tests.iter.test_iterables" name="test_async_aiter_method" time="0.000" /><testcase classname="tests.iter.test_iterables" name="test_async_iterator_aiter_method" time="0.000" /><testcase classname="tests.primitives.test_counter" name="test_counter_lock" time="0.000" /><testcase classname="tests.primitives.test_counter" name="test_counter_lock_with_name" time="0.000" /><testcase classname="tests.primitives.test_counter" name="test_counterlock_initialization" time="0.000" /><testcase classname="tests.primitives.test_counter" name="test_counterlock_set" time="0.000" /><testcase classname="tests.primitives.test_counter" name="test_counterlock_wait_for" time="0.101" /><testcase classname="tests.primitives.test_counter" name="test_counterlock_concurrent_waiters" time="0.100" /><testcase classname="tests.primitives.test_counter" name="test_counterlock_increment_only" time="0.000" /><testcase classname="tests.primitives.test_counter" name="test_counterlock_large_value" time="0.000" /><testcase classname="tests.primitives.test_counter" name="test_counterlock_zero_value" time="0.000" /><testcase classname="tests.primitives.test_counter" name="test_counterlock_exception_handling" time="0.000" /><testcase classname="tests.primitives.test_counter" name="test_simultaneous_set_and_wait" time="0.000" /><testcase classname="tests.primitives.test_counter" name="test_reentrant_set" time="0.000" /><testcase classname="tests.primitives.test_counter" name="test_immediate_set_and_wait" time="0.000" /><testcase classname="tests.primitives.test_counter" name="test_delayed_set" time="0.506" /><testcase classname="tests.primitives.test_counter" name="test_multiple_sets" time="0.000" /><testcase classname="tests.primitives.test_counter" name="test_custom_error_handling" time="0.000" /><testcase classname="tests.primitives.test_counter" name="test_external_interruptions" time="0.206" /><testcase classname="tests.primitives.test_event" name="test_event_basic_functionality" time="0.000" /><testcase classname="tests.primitives.test_event" name="test_event_wait" time="0.102" /><testcase classname="tests.primitives.test_event" name="test_event_multiple_waiters" time="0.105" /><testcase classname="tests.primitives.test_event" name="test_event_reset" time="0.105" /><testcase classname="tests.primitives.test_event" name="test_event_timeout" time="0.105" /><testcase classname="tests.primitives.test_event" name="test_event_cancellation" time="0.102" /><testcase classname="tests.primitives.test_event" name="test_event_set_already_set" time="0.000" /><testcase classname="tests.primitives.test_event" name="test_event_clear_already_cleared" time="0.000" /><testcase classname="tests.primitives.test_event" name="test_event_wait_after_set" time="0.000" /><testcase classname="tests.primitives.test_event" name="test_event_wait_after_clear" time="0.103" /><testcase classname="tests.primitives.test_event" name="test_simultaneous_set_and_wait" time="0.000" /><testcase classname="tests.primitives.test_event" name="test_reentrant_set" time="0.000" /><testcase classname="tests.primitives.test_event" name="test_large_number_of_waiters" time="0.003" /><testcase classname="tests.primitives.test_event" name="test_event_with_no_waiters" time="0.000" /><testcase classname="tests.primitives.test_event" name="test_immediate_set_and_wait" time="0.000" /><testcase classname="tests.primitives.test_event" name="test_event_with_exception_handling" time="0.000" /><testcase classname="tests.primitives.test_event" name="test_event_with_loop_reentrancy" time="0.000" /><testcase classname="tests.primitives.test_event" name="test_event_with_delayed_set" time="0.503" /><testcase classname="tests.primitives.test_event" name="test_event_with_multiple_clears" time="0.000" /><testcase classname="tests.primitives.test_prio_semaphore" name="test_prio_semaphore_count_waiters" time="1.005" /><testcase classname="tests.primitives.test_prio_semaphore" name="test_prio_semaphore_use" time="0.000" /><testcase classname="tests.primitives.test_queue" name="test_queue_initialization" time="0.000" /><testcase classname="tests.primitives.test_queue" name="test_put_and_get" time="0.000" /><testcase classname="tests.primitives.test_queue" name="test_put_nowait_and_get_nowait" time="0.000" /><testcase classname="tests.primitives.test_queue" name="test_get_all" time="0.000" /><testcase classname="tests.primitives.test_queue" name="test_get_all_nowait" time="0.000" /><testcase classname="tests.primitives.test_queue" name="test_get_multi" time="0.000" /><testcase classname="tests.primitives.test_queue" name="test_get_multi_nowait" time="0.000" /><testcase classname="tests.primitives.test_queue" name="test_queue_length" time="0.000" /><testcase classname="tests.primitives.test_queue" name="test_concurrent_access" time="0.000" /><testcase classname="tests.primitives.test_queue" name="test_empty_queue_behavior" time="0.106" /><testcase classname="tests.primitives.test_queue" name="test_cancellation" time="0.103" /><testcase classname="tests.primitives.test_queue" name="test_invalid_get_multi" time="0.000" /><testcase classname="tests.primitives.test_queue" name="test_type_consistency" time="0.000" /><testcase classname="tests.primitives.test_queue" name="test_stress_testing" time="0.001" /><testcase classname="tests.primitives.test_queue" name="test_order_preservation" time="0.000" /><testcase classname="tests.primitives.test_queue" name="test_edge_case_values" time="0.000" /><testcase classname="tests.primitives.test_queue" name="test_timeout_on_get" time="0.105" /><testcase classname="tests.primitives.test_queue" name="test_exception_handling_in_callbacks" time="0.000" /><testcase classname="tests.primitives.test_queue" name="test_memory_usage" time="0.004" /><testcase classname="tests.primitives.test_queue" name="test_thread_safety" time="0.000" /><testcase classname="tests.primitives.test_queue" name="test_custom_object_handling" time="0.000" /><testcase classname="tests.primitives.test_queue" name="test_queue_capacity" time="0.000" /><testcase classname="tests.primitives.test_queue" name="test_performance_under_load" time="0.007" /><testcase classname="tests.primitives.test_queue" name="test_state_persistence" time="0.000" /><testcase classname="tests.primitives.test_queue" name="test_unusual_data_types" time="0.000" /><testcase classname="tests.primitives.test_queue" name="test_processing_queue_initialization" time="0.000" /><testcase classname="tests.primitives.test_queue" name="test_processing_put_and_await" time="0.000" /><testcase classname="tests.primitives.test_queue" name="test_processing_put_nowait_and_await" time="0.000" /><testcase classname="tests.primitives.test_queue" name="test_processing_call" time="0.000" /><testcase classname="tests.primitives.test_queue" name="test_smart_processing_queue_initialization" time="0.000" /><testcase classname="tests.primitives.test_queue" name="test_priority_processing_queue_initialization" time="0.000" /><testcase classname="tests.primitives.test_queue" name="test_smart_processing_put_and_await" time="0.000" /><testcase classname="tests.primitives.test_queue" name="test_priority_processing_put_and_await" time="0.000" /><testcase classname="tests.primitives.test_queue" name="test_smart_processing_put_nowait_and_await" time="0.000" /><testcase classname="tests.primitives.test_queue" name="test_priority_processing_put_nowait_and_await" time="0.000" /><testcase classname="tests.primitives.test_queue" name="test_smart_processing_call" time="0.002" /><testcase classname="tests.primitives.test_queue" name="test_priority_processing_call" time="0.000" /><testcase classname="tests.primitives.test_semaphore" name="test_semaphore[0]" time="1.007" /><testcase classname="tests.primitives.test_semaphore" name="test_semaphore[1]" time="1.007" /><testcase classname="tests.primitives.test_semaphore" name="test_semaphore[2]" time="1.002" /><testcase classname="tests.primitives.test_semaphore" name="test_semaphore[3]" time="1.005"><failure message="assert (3 &lt; 3 or 1.0045139789581299 &gt; 3)">i = 3

    @increment
    @pytest.mark.asyncio_cooperative
    async def test_semaphore(i: int):
        start = time()
        assert await instance.test_fn() == 1
        duration = time() - start
        # There is a 1 second sleep in this fn. If the semaphore is not working, all tests will complete in 1 second.
&gt;       assert i &lt; 3 or duration &gt; i
E       assert (3 &lt; 3 or 1.0045139789581299 &gt; 3)

tests/primitives/test_semaphore.py:31: AssertionError</failure></testcase><testcase classname="tests.primitives.test_semaphore" name="test_semaphore[4]" time="1.007"><failure message="assert (4 &lt; 3 or 1.0066425800323486 &gt; 4)">i = 4

    @increment
    @pytest.mark.asyncio_cooperative
    async def test_semaphore(i: int):
        start = time()
        assert await instance.test_fn() == 1
        duration = time() - start
        # There is a 1 second sleep in this fn. If the semaphore is not working, all tests will complete in 1 second.
&gt;       assert i &lt; 3 or duration &gt; i
E       assert (4 &lt; 3 or 1.0066425800323486 &gt; 4)

tests/primitives/test_semaphore.py:31: AssertionError</failure></testcase><testcase classname="tests.primitives.test_semaphore" name="test_semaphore[5]" time="1.003"><failure message="assert (5 &lt; 3 or 1.0031535625457764 &gt; 5)">i = 5

    @increment
    @pytest.mark.asyncio_cooperative
    async def test_semaphore(i: int):
        start = time()
        assert await instance.test_fn() == 1
        duration = time() - start
        # There is a 1 second sleep in this fn. If the semaphore is not working, all tests will complete in 1 second.
&gt;       assert i &lt; 3 or duration &gt; i
E       assert (5 &lt; 3 or 1.0031535625457764 &gt; 5)

tests/primitives/test_semaphore.py:31: AssertionError</failure></testcase><testcase classname="tests.primitives.test_semaphore" name="test_semaphore[6]" time="1.006"><failure message="assert (6 &lt; 3 or 1.0062479972839355 &gt; 6)">i = 6

    @increment
    @pytest.mark.asyncio_cooperative
    async def test_semaphore(i: int):
        start = time()
        assert await instance.test_fn() == 1
        duration = time() - start
        # There is a 1 second sleep in this fn. If the semaphore is not working, all tests will complete in 1 second.
&gt;       assert i &lt; 3 or duration &gt; i
E       assert (6 &lt; 3 or 1.0062479972839355 &gt; 6)

tests/primitives/test_semaphore.py:31: AssertionError</failure></testcase><testcase classname="tests.primitives.test_semaphore" name="test_semaphore[7]" time="1.003"><failure message="assert (7 &lt; 3 or 1.0025756359100342 &gt; 7)">i = 7

    @increment
    @pytest.mark.asyncio_cooperative
    async def test_semaphore(i: int):
        start = time()
        assert await instance.test_fn() == 1
        duration = time() - start
        # There is a 1 second sleep in this fn. If the semaphore is not working, all tests will complete in 1 second.
&gt;       assert i &lt; 3 or duration &gt; i
E       assert (7 &lt; 3 or 1.0025756359100342 &gt; 7)

tests/primitives/test_semaphore.py:31: AssertionError</failure></testcase><testcase classname="tests.primitives.test_semaphore" name="test_semaphore[8]" time="1.006"><failure message="assert (8 &lt; 3 or 1.0055458545684814 &gt; 8)">i = 8

    @increment
    @pytest.mark.asyncio_cooperative
    async def test_semaphore(i: int):
        start = time()
        assert await instance.test_fn() == 1
        duration = time() - start
        # There is a 1 second sleep in this fn. If the semaphore is not working, all tests will complete in 1 second.
&gt;       assert i &lt; 3 or duration &gt; i
E       assert (8 &lt; 3 or 1.0055458545684814 &gt; 8)

tests/primitives/test_semaphore.py:31: AssertionError</failure></testcase><testcase classname="tests.primitives.test_semaphore" name="test_semaphore[9]" time="1.006"><failure message="assert (9 &lt; 3 or 1.0051000118255615 &gt; 9)">i = 9

    @increment
    @pytest.mark.asyncio_cooperative
    async def test_semaphore(i: int):
        start = time()
        assert await instance.test_fn() == 1
        duration = time() - start
        # There is a 1 second sleep in this fn. If the semaphore is not working, all tests will complete in 1 second.
&gt;       assert i &lt; 3 or duration &gt; i
E       assert (9 &lt; 3 or 1.0051000118255615 &gt; 9)

tests/primitives/test_semaphore.py:31: AssertionError</failure></testcase><testcase classname="tests.primitives.test_semaphore" name="test_semaphore_property[0]" time="1.003" /><testcase classname="tests.primitives.test_semaphore" name="test_semaphore_property[1]" time="1.004" /><testcase classname="tests.primitives.test_semaphore" name="test_semaphore_property[2]" time="1.005" /><testcase classname="tests.primitives.test_semaphore" name="test_semaphore_property[3]" time="1.002"><failure message="assert (3 &lt; 3 or 1.0014653205871582 &gt; 3)">i = 3

    @increment
    @pytest.mark.asyncio_cooperative
    async def test_semaphore_property(i: int):
        start = time()
        assert await instance.test_property == 2
        duration = time() - start
        # There is a 1 second sleep in this fn. If the semaphore is not working, all tests will complete in 1 second.
&gt;       assert i &lt; 3 or duration &gt; i
E       assert (3 &lt; 3 or 1.0014653205871582 &gt; 3)

tests/primitives/test_semaphore.py:41: AssertionError</failure></testcase><testcase classname="tests.primitives.test_semaphore" name="test_semaphore_property[4]" time="1.007"><failure message="assert (4 &lt; 3 or 1.006319284439087 &gt; 4)">i = 4

    @increment
    @pytest.mark.asyncio_cooperative
    async def test_semaphore_property(i: int):
        start = time()
        assert await instance.test_property == 2
        duration = time() - start
        # There is a 1 second sleep in this fn. If the semaphore is not working, all tests will complete in 1 second.
&gt;       assert i &lt; 3 or duration &gt; i
E       assert (4 &lt; 3 or 1.006319284439087 &gt; 4)

tests/primitives/test_semaphore.py:41: AssertionError</failure></testcase><testcase classname="tests.primitives.test_semaphore" name="test_semaphore_property[5]" time="1.002"><failure message="assert (5 &lt; 3 or 1.0015757083892822 &gt; 5)">i = 5

    @increment
    @pytest.mark.asyncio_cooperative
    async def test_semaphore_property(i: int):
        start = time()
        assert await instance.test_property == 2
        duration = time() - start
        # There is a 1 second sleep in this fn. If the semaphore is not working, all tests will complete in 1 second.
&gt;       assert i &lt; 3 or duration &gt; i
E       assert (5 &lt; 3 or 1.0015757083892822 &gt; 5)

tests/primitives/test_semaphore.py:41: AssertionError</failure></testcase><testcase classname="tests.primitives.test_semaphore" name="test_semaphore_property[6]" time="1.007"><failure message="assert (6 &lt; 3 or 1.0061862468719482 &gt; 6)">i = 6

    @increment
    @pytest.mark.asyncio_cooperative
    async def test_semaphore_property(i: int):
        start = time()
        assert await instance.test_property == 2
        duration = time() - start
        # There is a 1 second sleep in this fn. If the semaphore is not working, all tests will complete in 1 second.
&gt;       assert i &lt; 3 or duration &gt; i
E       assert (6 &lt; 3 or 1.0061862468719482 &gt; 6)

tests/primitives/test_semaphore.py:41: AssertionError</failure></testcase><testcase classname="tests.primitives.test_semaphore" name="test_semaphore_property[7]" time="1.005"><failure message="assert (7 &lt; 3 or 1.005075454711914 &gt; 7)">i = 7

    @increment
    @pytest.mark.asyncio_cooperative
    async def test_semaphore_property(i: int):
        start = time()
        assert await instance.test_property == 2
        duration = time() - start
        # There is a 1 second sleep in this fn. If the semaphore is not working, all tests will complete in 1 second.
&gt;       assert i &lt; 3 or duration &gt; i
E       assert (7 &lt; 3 or 1.005075454711914 &gt; 7)

tests/primitives/test_semaphore.py:41: AssertionError</failure></testcase><testcase classname="tests.primitives.test_semaphore" name="test_semaphore_property[8]" time="1.002"><failure message="assert (8 &lt; 3 or 1.0017385482788086 &gt; 8)">i = 8

    @increment
    @pytest.mark.asyncio_cooperative
    async def test_semaphore_property(i: int):
        start = time()
        assert await instance.test_property == 2
        duration = time() - start
        # There is a 1 second sleep in this fn. If the semaphore is not working, all tests will complete in 1 second.
&gt;       assert i &lt; 3 or duration &gt; i
E       assert (8 &lt; 3 or 1.0017385482788086 &gt; 8)

tests/primitives/test_semaphore.py:41: AssertionError</failure></testcase><testcase classname="tests.primitives.test_semaphore" name="test_semaphore_property[9]" time="1.007"><failure message="assert (9 &lt; 3 or 1.0065054893493652 &gt; 9)">i = 9

    @increment
    @pytest.mark.asyncio_cooperative
    async def test_semaphore_property(i: int):
        start = time()
        assert await instance.test_property == 2
        duration = time() - start
        # There is a 1 second sleep in this fn. If the semaphore is not working, all tests will complete in 1 second.
&gt;       assert i &lt; 3 or duration &gt; i
E       assert (9 &lt; 3 or 1.0065054893493652 &gt; 9)

tests/primitives/test_semaphore.py:41: AssertionError</failure></testcase><testcase classname="tests.primitives.test_semaphore" name="test_semaphore_cached_property[0]" time="1.007" /><testcase classname="tests.primitives.test_semaphore" name="test_semaphore_cached_property[1]" time="0.000" /><testcase classname="tests.primitives.test_semaphore" name="test_semaphore_cached_property[2]" time="0.000" /><testcase classname="tests.primitives.test_semaphore" name="test_semaphore_cached_property[3]" time="0.000" /><testcase classname="tests.primitives.test_semaphore" name="test_semaphore_cached_property[4]" time="0.000" /><testcase classname="tests.primitives.test_semaphore" name="test_semaphore_cached_property[5]" time="0.000" /><testcase classname="tests.primitives.test_semaphore" name="test_semaphore_cached_property[6]" time="0.000" /><testcase classname="tests.primitives.test_semaphore" name="test_semaphore_cached_property[7]" time="0.000" /><testcase classname="tests.primitives.test_semaphore" name="test_semaphore_cached_property[8]" time="0.000" /><testcase classname="tests.primitives.test_semaphore" name="test_semaphore_cached_property[9]" time="0.000" /><testcase classname="tests.primitives.test_semaphore" name="test_semaphore_acquire_release" time="0.000" /><testcase classname="tests.primitives.test_semaphore" name="test_semaphore_blocking" time="0.158" /><testcase classname="tests.primitives.test_semaphore" name="test_semaphore_multiple_tasks" time="0.207" /><testcase classname="tests.primitives.test_semaphore" name="test_semaphore_with_zero_initial_value" time="0.101" /><testcase classname="tests.primitives.test_semaphore" name="test_semaphore_releasing_without_acquiring" time="0.000" /><testcase classname="tests.primitives.test_semaphore" name="test_concurrent_acquire_release" time="0.518" /><testcase classname="tests.primitives.test_semaphore" name="test_semaphore_max_integer_value" time="0.000" /><testcase classname="tests.primitives.test_semaphore" name="test_rapid_acquire_release" time="0.001" /><testcase classname="tests.primitives.test_semaphore" name="test_exception_handling_during_acquire" time="0.000" /><testcase classname="tests.primitives.test_semaphore" name="test_cancelled_acquire" time="0.506" /><testcase classname="tests.primitives.test_semaphore" name="test_delayed_release" time="1.006" /><testcase classname="tests.primitives.test_semaphore" name="test_invalid_release" time="0.000" /><testcase classname="tests.primitives.test_semaphore" name="test_custom_error_handling" time="0.000" /><testcase classname="tests.primitives.test_semaphore" name="test_dynamic_resizing" time="0.000" /><testcase classname="tests.primitives.test_semaphore" name="test_high_frequency_operations" time="0.006" /><testcase classname="tests.primitives.test_semaphore" name="test_semaphore_as_context_manager" time="0.000" /><testcase classname="tests.primitives.test_semaphore" name="test_exception_in_release" time="0.000" /><testcase classname="tests.task.test_task" name="test_create_task" time="0.000" /><testcase classname="tests.task.test_task" name="test_persistent_task" time="2.007" /><testcase classname="tests.task.test_task" name="test_pruning" time="0.000" /><testcase classname="tests.task.test_task" name="test_task_mapping_init" time="0.000" /><testcase classname="tests.task.test_task" name="test_task_mapping" time="0.211" /><testcase classname="tests.task.test_task" name="test_task_mapping_map_with_sync_iter" time="0.213" /><testcase classname="tests.task.test_task" name="test_task_mapping_map_with_async_iter" time="0.209" /><testcase classname="tests.task.test_task" name="test_task_mapping_empty_iterable" time="0.000" /><testcase classname="tests.task.test_task" name="test_task_mapping_single_item" time="0.106" /><testcase classname="tests.task.test_task" name="test_task_mapping_error_handling" time="0.001" /><testcase classname="tests.task.test_task" name="test_task_mapping_concurrency" time="0.000" /><testcase classname="tests.task.test_task" name="test_map_binds_constant_prefix[False-None-False]" time="0.000"><failure message="TypeError: test_map_binds_constant_prefix.&lt;locals&gt;.quote() got multiple values for argument 'token'">wrapped = False, concurrency = None, manual = False

    @pytest.mark.asyncio_cooperative
    @pytest.mark.parametrize("wrapped", [False, True])
    @pytest.mark.parametrize("concurrency", [None, 2])
    @pytest.mark.parametrize("manual", [False, True])
    async def test_map_binds_constant_prefix(wrapped, concurrency, manual):
        calls = []
    
        async def quote(token, market, block, *, amount):
            calls.append((token, market, block, amount))
            await asyncio.sleep(0)
            return block * amount
    
        function = a_sync("async")(quote) if wrapped else quote
        mapping = TaskMapping(
            function,
            *(() if manual else ([10, 20],)),
            token="token",
            market="pool",
            amount=3,
            concurrency=concurrency,
        )
        if manual:
            mapping[10]
            mapping[20]
&gt;       assert await mapping == {10: 30, 20: 60}

tests/task/test_task.py:611: 
_ _ _ _ _ _ _ _ _ _ _ _ _ _ _ _ _ _ _ _ _ _ _ _ _ _ _ _ _ _ _ _ _ _ _ _ _ _ _ _ 
/usr/local/lib/python3.12/site-packages/a_sync/task.py:500: in gather
    return await gather(
a_sync/asyncio/gather.pyx:131: in gather
    ???
a_sync/asyncio/gather.pyx:183: in gather_mapping
    ???
a_sync/asyncio/as_completed.pyx:239: in __yield_as_completed
    ???
/usr/local/lib/python3.12/asyncio/tasks.py:631: in _wait_for_one
    return f.result()  # May raise f.exception().
a_sync/asyncio/as_completed.pyx:268: in __mapping_wrap
    ???
a_sync/asyncio/as_completed.pyx:264: in a_sync.asyncio.as_completed.__mapping_wrap
    ???
_ _ _ _ _ _ _ _ _ _ _ _ _ _ _ _ _ _ _ _ _ _ _ _ _ _ _ _ _ _ _ _ _ _ _ _ _ _ _ _ 

_TaskMapping__a_sync_recursion = 0, args = (20,)
kwargs = {'amount': 3, 'market': 'pool', 'token': 'token'}

    @wraps(wrapped_func)
    async def _wrapped_set_next(
        *args: P.args, __a_sync_recursion: int = 0, **kwargs: P.kwargs
    ) -&gt; V:
        try:
&gt;           return await wrapped_func(*args, **kwargs)
E           TypeError: test_map_binds_constant_prefix.&lt;locals&gt;.quote() got multiple values for argument 'token'

/usr/local/lib/python3.12/site-packages/a_sync/task.py:171: TypeError</failure></testcase><testcase classname="tests.task.test_task" name="test_map_binds_constant_prefix[False-None-True]" time="0.000"><failure message="TypeError: test_map_binds_constant_prefix.&lt;locals&gt;.quote() got multiple values for argument 'token'">wrapped = True, concurrency = None, manual = False

    @pytest.mark.asyncio_cooperative
    @pytest.mark.parametrize("wrapped", [False, True])
    @pytest.mark.parametrize("concurrency", [None, 2])
    @pytest.mark.parametrize("manual", [False, True])
    async def test_map_binds_constant_prefix(wrapped, concurrency, manual):
        calls = []
    
        async def quote(token, market, block, *, amount):
            calls.append((token, market, block, amount))
            await asyncio.sleep(0)
            return block * amount
    
        function = a_sync("async")(quote) if wrapped else quote
        mapping = TaskMapping(
            function,
            *(() if manual else ([10, 20],)),
            token="token",
            market="pool",
            amount=3,
            concurrency=concurrency,
        )
        if manual:
            mapping[10]
            mapping[20]
&gt;       assert await mapping == {10: 30, 20: 60}

tests/task/test_task.py:611: 
_ _ _ _ _ _ _ _ _ _ _ _ _ _ _ _ _ _ _ _ _ _ _ _ _ _ _ _ _ _ _ _ _ _ _ _ _ _ _ _ 
/usr/local/lib/python3.12/site-packages/a_sync/task.py:500: in gather
    return await gather(
a_sync/asyncio/gather.pyx:131: in gather
    ???
a_sync/asyncio/gather.pyx:183: in gather_mapping
    ???
a_sync/asyncio/as_completed.pyx:239: in __yield_as_completed
    ???
/usr/local/lib/python3.12/asyncio/tasks.py:631: in _wait_for_one
    return f.result()  # May raise f.exception().
a_sync/asyncio/as_completed.pyx:268: in __mapping_wrap
    ???
a_sync/asyncio/as_completed.pyx:264: in a_sync.asyncio.as_completed.__mapping_wrap
    ???
_ _ _ _ _ _ _ _ _ _ _ _ _ _ _ _ _ _ _ _ _ _ _ _ _ _ _ _ _ _ _ _ _ _ _ _ _ _ _ _ 

_TaskMapping__a_sync_recursion = 0, args = (20,)
kwargs = {'amount': 3, 'market': 'pool', 'token': 'token'}

    @wraps(wrapped_func)
    async def _wrapped_set_next(
        *args: P.args, __a_sync_recursion: int = 0, **kwargs: P.kwargs
    ) -&gt; V:
        try:
&gt;           return await wrapped_func(*args, **kwargs)
E           TypeError: test_map_binds_constant_prefix.&lt;locals&gt;.quote() got multiple values for argument 'token'

/usr/local/lib/python3.12/site-packages/a_sync/task.py:171: TypeError</failure></testcase><testcase classname="tests.task.test_task" name="test_map_binds_constant_prefix[False-2-False]" time="0.000"><failure message="TypeError: test_map_binds_constant_prefix.&lt;locals&gt;.quote() got multiple values for argument 'token'">wrapped = False, concurrency = 2, manual = False

    @pytest.mark.asyncio_cooperative
    @pytest.mark.parametrize("wrapped", [False, True])
    @pytest.mark.parametrize("concurrency", [None, 2])
    @pytest.mark.parametrize("manual", [False, True])
    async def test_map_binds_constant_prefix(wrapped, concurrency, manual):
        calls = []
    
        async def quote(token, market, block, *, amount):
            calls.append((token, market, block, amount))
            await asyncio.sleep(0)
            return block * amount
    
        function = a_sync("async")(quote) if wrapped else quote
        mapping = TaskMapping(
            function,
            *(() if manual else ([10, 20],)),
            token="token",
            market="pool",
            amount=3,
            concurrency=concurrency,
        )
        if manual:
            mapping[10]
            mapping[20]
&gt;       assert await mapping == {10: 30, 20: 60}

tests/task/test_task.py:611: 
_ _ _ _ _ _ _ _ _ _ _ _ _ _ _ _ _ _ _ _ _ _ _ _ _ _ _ _ _ _ _ _ _ _ _ _ _ _ _ _ 
/usr/local/lib/python3.12/site-packages/a_sync/task.py:500: in gather
    return await gather(
a_sync/asyncio/gather.pyx:131: in gather
    ???
a_sync/asyncio/gather.pyx:183: in gather_mapping
    ???
a_sync/asyncio/as_completed.pyx:239: in __yield_as_completed
    ???
/usr/local/lib/python3.12/asyncio/tasks.py:631: in _wait_for_one
    return f.result()  # May raise f.exception().
a_sync/asyncio/as_completed.pyx:268: in __mapping_wrap
    ???
a_sync/asyncio/as_completed.pyx:264: in a_sync.asyncio.as_completed.__mapping_wrap
    ???
/usr/local/lib/python3.12/site-packages/a_sync/primitives/queue.py:482: in _worker_coro
    result = await func(*args, **kwargs)
_ _ _ _ _ _ _ _ _ _ _ _ _ _ _ _ _ _ _ _ _ _ _ _ _ _ _ _ _ _ _ _ _ _ _ _ _ _ _ _ 

_TaskMapping__a_sync_recursion = 0, args = (10,)
kwargs = {'amount': 3, 'market': 'pool', 'token': 'token'}

    @wraps(wrapped_func)
    async def _wrapped_set_next(
        *args: P.args, __a_sync_recursion: int = 0, **kwargs: P.kwargs
    ) -&gt; V:
        try:
&gt;           return await wrapped_func(*args, **kwargs)
E           TypeError: test_map_binds_constant_prefix.&lt;locals&gt;.quote() got multiple values for argument 'token'

/usr/local/lib/python3.12/site-packages/a_sync/task.py:171: TypeError</failure></testcase><testcase classname="tests.task.test_task" name="test_map_binds_constant_prefix[False-2-True]" time="0.000"><failure message="TypeError: test_map_binds_constant_prefix.&lt;locals&gt;.quote() got multiple values for argument 'token'">wrapped = True, concurrency = 2, manual = False

    @pytest.mark.asyncio_cooperative
    @pytest.mark.parametrize("wrapped", [False, True])
    @pytest.mark.parametrize("concurrency", [None, 2])
    @pytest.mark.parametrize("manual", [False, True])
    async def test_map_binds_constant_prefix(wrapped, concurrency, manual):
        calls = []
    
        async def quote(token, market, block, *, amount):
            calls.append((token, market, block, amount))
            await asyncio.sleep(0)
            return block * amount
    
        function = a_sync("async")(quote) if wrapped else quote
        mapping = TaskMapping(
            function,
            *(() if manual else ([10, 20],)),
            token="token",
            market="pool",
            amount=3,
            concurrency=concurrency,
        )
        if manual:
            mapping[10]
            mapping[20]
&gt;       assert await mapping == {10: 30, 20: 60}

tests/task/test_task.py:611: 
_ _ _ _ _ _ _ _ _ _ _ _ _ _ _ _ _ _ _ _ _ _ _ _ _ _ _ _ _ _ _ _ _ _ _ _ _ _ _ _ 
/usr/local/lib/python3.12/site-packages/a_sync/task.py:500: in gather
    return await gather(
a_sync/asyncio/gather.pyx:131: in gather
    ???
a_sync/asyncio/gather.pyx:183: in gather_mapping
    ???
a_sync/asyncio/as_completed.pyx:239: in __yield_as_completed
    ???
/usr/local/lib/python3.12/asyncio/tasks.py:631: in _wait_for_one
    return f.result()  # May raise f.exception().
a_sync/asyncio/as_completed.pyx:268: in __mapping_wrap
    ???
a_sync/asyncio/as_completed.pyx:264: in a_sync.asyncio.as_completed.__mapping_wrap
    ???
/usr/local/lib/python3.12/site-packages/a_sync/primitives/queue.py:482: in _worker_coro
    result = await func(*args, **kwargs)
_ _ _ _ _ _ _ _ _ _ _ _ _ _ _ _ _ _ _ _ _ _ _ _ _ _ _ _ _ _ _ _ _ _ _ _ _ _ _ _ 

_TaskMapping__a_sync_recursion = 0, args = (20,)
kwargs = {'amount': 3, 'market': 'pool', 'token': 'token'}

    @wraps(wrapped_func)
    async def _wrapped_set_next(
        *args: P.args, __a_sync_recursion: int = 0, **kwargs: P.kwargs
    ) -&gt; V:
        try:
&gt;           return await wrapped_func(*args, **kwargs)
E           TypeError: test_map_binds_constant_prefix.&lt;locals&gt;.quote() got multiple values for argument 'token'

/usr/local/lib/python3.12/site-packages/a_sync/task.py:171: TypeError</failure></testcase><testcase classname="tests.task.test_task" name="test_map_binds_constant_prefix[True-None-False]" time="0.000"><failure message="TypeError: test_map_binds_constant_prefix.&lt;locals&gt;.quote() got multiple values for argument 'token'">self = &lt;TaskMapping for &lt;function test_map_binds_constant_prefix.&lt;locals&gt;.quote at 0xfb30741da340&gt; kwargs={'token': 'token', 'market': 'pool', 'amount': 3} tasks=0 at 0xfb3074189ef0&gt;
item = 10

    def __getitem__(self, item: K) -&gt; Task[V]:
        try:
&gt;           return dict.__getitem__(self, item)
E           KeyError: 10

/usr/local/lib/python3.12/site-packages/a_sync/task.py:240: KeyError

During handling of the above exception, another exception occurred:

wrapped = False, concurrency = None, manual = True

    @pytest.mark.asyncio_cooperative
    @pytest.mark.parametrize("wrapped", [False, True])
    @pytest.mark.parametrize("concurrency", [None, 2])
    @pytest.mark.parametrize("manual", [False, True])
    async def test_map_binds_constant_prefix(wrapped, concurrency, manual):
        calls = []
    
        async def quote(token, market, block, *, amount):
            calls.append((token, market, block, amount))
            await asyncio.sleep(0)
            return block * amount
    
        function = a_sync("async")(quote) if wrapped else quote
        mapping = TaskMapping(
            function,
            *(() if manual else ([10, 20],)),
            token="token",
            market="pool",
            amount=3,
            concurrency=concurrency,
        )
        if manual:
&gt;           mapping[10]

tests/task/test_task.py:609: 
_ _ _ _ _ _ _ _ _ _ _ _ _ _ _ _ _ _ _ _ _ _ _ _ _ _ _ _ _ _ _ _ _ _ _ _ _ _ _ _ 
/usr/local/lib/python3.12/site-packages/a_sync/task.py:242: in __getitem__
    return self.__start_task(item)
_ _ _ _ _ _ _ _ _ _ _ _ _ _ _ _ _ _ _ _ _ _ _ _ _ _ _ _ _ _ _ _ _ _ _ _ _ _ _ _ 

self = &lt;TaskMapping for &lt;function test_map_binds_constant_prefix.&lt;locals&gt;.quote at 0xfb30741da340&gt; kwargs={'token': 'token', 'market': 'pool', 'amount': 3} tasks=0 at 0xfb3074189ef0&gt;
item = 10

    def __start_task(self, item: K) -&gt; "Future[V]":
        if self.concurrency:
            # NOTE: we use a queue instead of a Semaphore to reduce memory use for use cases involving many many tasks
            fut = self._queue.put_nowait(item)
        else:
            fut = create_task(
&gt;               coro=self._wrapped_func(item, **self._wrapped_func_kwargs),
                name=f"{item}" if self._name is None else f"{self._name}[{item}]",
            )
E           TypeError: test_map_binds_constant_prefix.&lt;locals&gt;.quote() got multiple values for argument 'token'

/usr/local/lib/python3.12/site-packages/a_sync/task.py:674: TypeError</failure></testcase><testcase classname="tests.task.test_task" name="test_map_binds_constant_prefix[True-None-True]" time="0.000"><failure message="TypeError: test_map_binds_constant_prefix.&lt;locals&gt;.quote() got multiple values for argument 'token'">self = &lt;TaskMapping for &lt;function test_map_binds_constant_prefix.&lt;locals&gt;.quote at 0xfb30741d9ee0&gt; kwargs={'token': 'token', 'market': 'pool', 'amount': 3} tasks=0 at 0xfb307418baf0&gt;
item = 10

    def __getitem__(self, item: K) -&gt; Task[V]:
        try:
&gt;           return dict.__getitem__(self, item)
E           KeyError: 10

/usr/local/lib/python3.12/site-packages/a_sync/task.py:240: KeyError

During handling of the above exception, another exception occurred:

wrapped = True, concurrency = None, manual = True

    @pytest.mark.asyncio_cooperative
    @pytest.mark.parametrize("wrapped", [False, True])
    @pytest.mark.parametrize("concurrency", [None, 2])
    @pytest.mark.parametrize("manual", [False, True])
    async def test_map_binds_constant_prefix(wrapped, concurrency, manual):
        calls = []
    
        async def quote(token, market, block, *, amount):
            calls.append((token, market, block, amount))
            await asyncio.sleep(0)
            return block * amount
    
        function = a_sync("async")(quote) if wrapped else quote
        mapping = TaskMapping(
            function,
            *(() if manual else ([10, 20],)),
            token="token",
            market="pool",
            amount=3,
            concurrency=concurrency,
        )
        if manual:
&gt;           mapping[10]

tests/task/test_task.py:609: 
_ _ _ _ _ _ _ _ _ _ _ _ _ _ _ _ _ _ _ _ _ _ _ _ _ _ _ _ _ _ _ _ _ _ _ _ _ _ _ _ 
/usr/local/lib/python3.12/site-packages/a_sync/task.py:242: in __getitem__
    return self.__start_task(item)
_ _ _ _ _ _ _ _ _ _ _ _ _ _ _ _ _ _ _ _ _ _ _ _ _ _ _ _ _ _ _ _ _ _ _ _ _ _ _ _ 

self = &lt;TaskMapping for &lt;function test_map_binds_constant_prefix.&lt;locals&gt;.quote at 0xfb30741d9ee0&gt; kwargs={'token': 'token', 'market': 'pool', 'amount': 3} tasks=0 at 0xfb307418baf0&gt;
item = 10

    def __start_task(self, item: K) -&gt; "Future[V]":
        if self.concurrency:
            # NOTE: we use a queue instead of a Semaphore to reduce memory use for use cases involving many many tasks
            fut = self._queue.put_nowait(item)
        else:
            fut = create_task(
&gt;               coro=self._wrapped_func(item, **self._wrapped_func_kwargs),
                name=f"{item}" if self._name is None else f"{self._name}[{item}]",
            )
E           TypeError: test_map_binds_constant_prefix.&lt;locals&gt;.quote() got multiple values for argument 'token'

/usr/local/lib/python3.12/site-packages/a_sync/task.py:674: TypeError</failure></testcase><testcase classname="tests.task.test_task" name="test_map_binds_constant_prefix[True-2-False]" time="0.000"><failure message="TypeError: test_map_binds_constant_prefix.&lt;locals&gt;.quote() got multiple values for argument 'token'">wrapped = False, concurrency = 2, manual = True

    @pytest.mark.asyncio_cooperative
    @pytest.mark.parametrize("wrapped", [False, True])
    @pytest.mark.parametrize("concurrency", [None, 2])
    @pytest.mark.parametrize("manual", [False, True])
    async def test_map_binds_constant_prefix(wrapped, concurrency, manual):
        calls = []
    
        async def quote(token, market, block, *, amount):
            calls.append((token, market, block, amount))
            await asyncio.sleep(0)
            return block * amount
    
        function = a_sync("async")(quote) if wrapped else quote
        mapping = TaskMapping(
            function,
            *(() if manual else ([10, 20],)),
            token="token",
            market="pool",
            amount=3,
            concurrency=concurrency,
        )
        if manual:
            mapping[10]
            mapping[20]
&gt;       assert await mapping == {10: 30, 20: 60}

tests/task/test_task.py:611: 
_ _ _ _ _ _ _ _ _ _ _ _ _ _ _ _ _ _ _ _ _ _ _ _ _ _ _ _ _ _ _ _ _ _ _ _ _ _ _ _ 
/usr/local/lib/python3.12/site-packages/a_sync/task.py:500: in gather
    return await gather(
a_sync/asyncio/gather.pyx:131: in gather
    ???
a_sync/asyncio/gather.pyx:183: in gather_mapping
    ???
a_sync/asyncio/as_completed.pyx:239: in __yield_as_completed
    ???
/usr/local/lib/python3.12/asyncio/tasks.py:631: in _wait_for_one
    return f.result()  # May raise f.exception().
a_sync/asyncio/as_completed.pyx:268: in __mapping_wrap
    ???
a_sync/asyncio/as_completed.pyx:264: in a_sync.asyncio.as_completed.__mapping_wrap
    ???
/usr/local/lib/python3.12/site-packages/a_sync/primitives/queue.py:482: in _worker_coro
    result = await func(*args, **kwargs)
_ _ _ _ _ _ _ _ _ _ _ _ _ _ _ _ _ _ _ _ _ _ _ _ _ _ _ _ _ _ _ _ _ _ _ _ _ _ _ _ 

arg = 10

&gt;   fn = lambda arg: self._wrapped_func(arg, **self._wrapped_func_kwargs)
E   TypeError: test_map_binds_constant_prefix.&lt;locals&gt;.quote() got multiple values for argument 'token'

/usr/local/lib/python3.12/site-packages/a_sync/task.py:573: TypeError</failure></testcase><testcase classname="tests.task.test_task" name="test_map_binds_constant_prefix[True-2-True]" time="0.000"><failure message="TypeError: test_map_binds_constant_prefix.&lt;locals&gt;.quote() got multiple values for argument 'token'">wrapped = True, concurrency = 2, manual = True

    @pytest.mark.asyncio_cooperative
    @pytest.mark.parametrize("wrapped", [False, True])
    @pytest.mark.parametrize("concurrency", [None, 2])
    @pytest.mark.parametrize("manual", [False, True])
    async def test_map_binds_constant_prefix(wrapped, concurrency, manual):
        calls = []
    
        async def quote(token, market, block, *, amount):
            calls.append((token, market, block, amount))
            await asyncio.sleep(0)
            return block * amount
    
        function = a_sync("async")(quote) if wrapped else quote
        mapping = TaskMapping(
            function,
            *(() if manual else ([10, 20],)),
            token="token",
            market="pool",
            amount=3,
            concurrency=concurrency,
        )
        if manual:
            mapping[10]
            mapping[20]
&gt;       assert await mapping == {10: 30, 20: 60}

tests/task/test_task.py:611: 
_ _ _ _ _ _ _ _ _ _ _ _ _ _ _ _ _ _ _ _ _ _ _ _ _ _ _ _ _ _ _ _ _ _ _ _ _ _ _ _ 
/usr/local/lib/python3.12/site-packages/a_sync/task.py:500: in gather
    return await gather(
a_sync/asyncio/gather.pyx:131: in gather
    ???
a_sync/asyncio/gather.pyx:183: in gather_mapping
    ???
a_sync/asyncio/as_completed.pyx:239: in __yield_as_completed
    ???
/usr/local/lib/python3.12/asyncio/tasks.py:631: in _wait_for_one
    return f.result()  # May raise f.exception().
a_sync/asyncio/as_completed.pyx:268: in __mapping_wrap
    ???
a_sync/asyncio/as_completed.pyx:264: in a_sync.asyncio.as_completed.__mapping_wrap
    ???
/usr/local/lib/python3.12/site-packages/a_sync/primitives/queue.py:482: in _worker_coro
    result = await func(*args, **kwargs)
_ _ _ _ _ _ _ _ _ _ _ _ _ _ _ _ _ _ _ _ _ _ _ _ _ _ _ _ _ _ _ _ _ _ _ _ _ _ _ _ 

arg = 20

&gt;   fn = lambda arg: self._wrapped_func(arg, **self._wrapped_func_kwargs)
E   TypeError: test_map_binds_constant_prefix.&lt;locals&gt;.quote() got multiple values for argument 'token'

/usr/local/lib/python3.12/site-packages/a_sync/task.py:573: TypeError</failure></testcase><testcase classname="tests.task.test_task" name="test_map_binds_prefix_of_bound_async_method" time="0.000"><failure message="TypeError: test_map_binds_prefix_of_bound_async_method.&lt;locals&gt;.Quotes.quote() got multiple values for argument 'token'">@pytest.mark.asyncio_cooperative
    async def test_map_binds_prefix_of_bound_async_method():
        class Quotes(ASyncGenericBase):
            def __init__(self):
                self.sync = False
                super().__init__()
    
            async def quote(self, token, block, *, amount):
                return token, block, amount
    
        quotes = Quotes()
        mapping = TaskMapping(quotes.quote, [10, 20], token="token", amount=3)
&gt;       assert await mapping == {10: ("token", 10, 3), 20: ("token", 20, 3)}

tests/task/test_task.py:628: 
_ _ _ _ _ _ _ _ _ _ _ _ _ _ _ _ _ _ _ _ _ _ _ _ _ _ _ _ _ _ _ _ _ _ _ _ _ _ _ _ 
/usr/local/lib/python3.12/site-packages/a_sync/task.py:500: in gather
    return await gather(
a_sync/asyncio/gather.pyx:131: in gather
    ???
a_sync/asyncio/gather.pyx:183: in gather_mapping
    ???
a_sync/asyncio/as_completed.pyx:239: in __yield_as_completed
    ???
/usr/local/lib/python3.12/asyncio/tasks.py:631: in _wait_for_one
    return f.result()  # May raise f.exception().
a_sync/asyncio/as_completed.pyx:268: in __mapping_wrap
    ???
a_sync/asyncio/as_completed.pyx:264: in a_sync.asyncio.as_completed.__mapping_wrap
    ???
/usr/local/lib/python3.12/site-packages/a_sync/task.py:171: in _wrapped_set_next
    return await wrapped_func(*args, **kwargs)
a_sync/a_sync/method.pyx:1006: in a_sync.a_sync.method.ASyncBoundMethodAsyncDefault.__call__
    ???
a_sync/a_sync/method.pyx:641: in a_sync.a_sync.method._ASyncBoundMethod.__call__
    ???
a_sync/a_sync/function.pyx:302: in a_sync.a_sync.function._ASyncFunction.__call__
    ???
_ _ _ _ _ _ _ _ _ _ _ _ _ _ _ _ _ _ _ _ _ _ _ _ _ _ _ _ _ _ _ _ _ _ _ _ _ _ _ _ 

&gt;   ???
E   TypeError: test_map_binds_prefix_of_bound_async_method.&lt;locals&gt;.Quotes.quote() got multiple values for argument 'token'

a_sync/a_sync/function.pyx:773: TypeError</failure></testcase><testcase classname="tests.task.test_task" name="test_map_does_not_retry_type_errors_from_callable_body" time="0.000"><failure message="assert TypeError(&quot;test_map_does_not_retry_type_errors_from_callable_body.&lt;locals&gt;.quote() got multiple values for argument 'token'&quot;) is TypeError(&quot;quote() got multiple values for argument 'token'&quot;)&#10; +  where TypeError(&quot;test_map_does_not_retry_type_errors_from_callable_body.&lt;locals&gt;.quote() got multiple values for argument 'token'&quot;) = &lt;ExceptionInfo TypeError(&quot;test_map_does_not_retry_type_errors_from_callable_body.&lt;locals&gt;.quote() got multiple values for argument 'token'&quot;) tblen=9&gt;.value">@pytest.mark.asyncio_cooperative
    async def test_map_does_not_retry_type_errors_from_callable_body():
        calls = []
        error = TypeError("quote() got multiple values for argument 'token'")
    
        async def quote(token, block):
            calls.append((token, block))
            raise error
    
        mapping = TaskMapping(a_sync("async")(quote), [10], token="token")
        with pytest.raises(TypeError) as raised:
            await mapping
&gt;       assert raised.value is error
E       assert TypeError("test_map_does_not_retry_type_errors_from_callable_body.&lt;locals&gt;.quote() got multiple values for argument 'token'") is TypeError("quote() got multiple values for argument 'token'")
E        +  where TypeError("test_map_does_not_retry_type_errors_from_callable_body.&lt;locals&gt;.quote() got multiple values for argument 'token'") = &lt;ExceptionInfo TypeError("test_map_does_not_retry_type_errors_from_callable_body.&lt;locals&gt;.quote() got multiple values for argument 'token'") tblen=9&gt;.value

tests/task/test_task.py:644: AssertionError</failure></testcase><testcase classname="tests.task.test_task" name="test_map_bound_prefix_preserves_other_keywords_and_cancellation" time="2.006"><failure message="TimeoutError">fut = &lt;coroutine object Event.wait at 0xfb307741bca0&gt;, timeout = 2

    async def wait_for(fut, timeout):
        """Wait for the single Future or coroutine to complete, with timeout.
    
        Coroutine will be wrapped in Task.
    
        Returns result of the Future or coroutine.  When a timeout occurs,
        it cancels the task and raises TimeoutError.  To avoid the task
        cancellation, wrap it in shield().
    
        If the wait is cancelled, the task is also cancelled.
    
        If the task suppresses the cancellation and returns a value instead,
        that value is returned.
    
        This function is a coroutine.
        """
        # The special case for timeout &lt;= 0 is for the following case:
        #
        # async def test_waitfor():
        #     func_started = False
        #
        #     async def func():
        #         nonlocal func_started
        #         func_started = True
        #
        #     try:
        #         await asyncio.wait_for(func(), 0)
        #     except asyncio.TimeoutError:
        #         assert not func_started
        #     else:
        #         assert False
        #
        # asyncio.run(test_waitfor())
    
    
[...]
a_sync.test_decorator" name="test_sync_decorator_default_none_arg" time="0.001" /><testcase classname="tests.a_sync.test_decorator" name="test_sync_decorator_default_none_kwarg" time="0.001" /><testcase classname="tests.a_sync.test_decorator" name="test_sync_decorator_default_sync_arg" time="0.001" /><testcase classname="tests.a_sync.test_decorator" name="test_sync_decorator_default_sync_kwarg" time="0.001" /><testcase classname="tests.a_sync.test_decorator" name="test_sync_decorator_default_async_arg" time="0.001" /><testcase classname="tests.a_sync.test_decorator" name="test_sync_decorator_default_async_kwarg" time="0.001" /><testcase classname="tests.a_sync.test_function" name="test_im_a_fuckin_pro_dont_worry_suppresses_warnings" time="0.001" /><testcase classname="tests.a_sync.test_meta" name="test_singleton_meta_sync[0-TestSingleton]" time="2.008" /><testcase classname="tests.a_sync.test_meta" name="test_singleton_meta_sync[0-TestSingletonMeta]" time="2.007" /><testcase classname="tests.a_sync.test_meta" name="test_singleton_meta_sync[1-TestSingleton]" time="0.000" /><testcase classname="tests.a_sync.test_meta" name="test_singleton_meta_sync[1-TestSingletonMeta]" time="0.000" /><testcase classname="tests.a_sync.test_meta" name="test_singleton_meta_sync[2-TestSingleton]" time="0.000" /><testcase classname="tests.a_sync.test_meta" name="test_singleton_meta_sync[2-TestSingletonMeta]" time="0.000" /><testcase classname="tests.a_sync.test_meta" name="test_singleton_meta_sync[3-TestSingleton]" time="0.000" /><testcase classname="tests.a_sync.test_meta" name="test_singleton_meta_sync[3-TestSingletonMeta]" time="0.000" /><testcase classname="tests.a_sync.test_meta" name="test_singleton_meta_sync[4-TestSingleton]" time="0.000" /><testcase classname="tests.a_sync.test_meta" name="test_singleton_meta_sync[4-TestSingletonMeta]" time="0.000" /><testcase classname="tests.a_sync.test_meta" name="test_singleton_meta_sync[5-TestSingleton]" time="0.000" /><testcase classname="tests.a_sync.test_meta" name="test_singleton_meta_sync[5-TestSingletonMeta]" time="0.000" /><testcase classname="tests.a_sync.test_meta" name="test_singleton_meta_sync[6-TestSingleton]" time="0.000" /><testcase classname="tests.a_sync.test_meta" name="test_singleton_meta_sync[6-TestSingletonMeta]" time="0.000" /><testcase classname="tests.a_sync.test_meta" name="test_singleton_meta_sync[7-TestSingleton]" time="0.000" /><testcase classname="tests.a_sync.test_meta" name="test_singleton_meta_sync[7-TestSingletonMeta]" time="0.000" /><testcase classname="tests.a_sync.test_meta" name="test_singleton_meta_sync[8-TestSingleton]" time="0.000" /><testcase classname="tests.a_sync.test_meta" name="test_singleton_meta_sync[8-TestSingletonMeta]" time="0.000" /><testcase classname="tests.a_sync.test_meta" name="test_singleton_meta_sync[9-TestSingleton]" time="0.000" /><testcase classname="tests.a_sync.test_meta" name="test_singleton_meta_sync[9-TestSingletonMeta]" time="0.000" /><testcase classname="tests.a_sync.test_meta" name="test_singleton_unspecified" time="0.000" /><testcase classname="tests.a_sync.test_meta" name="test_singleton_switching" time="0.000" /><testcase classname="tests.a_sync.test_modified" name="test_sync_def_repr" time="0.000" /><testcase classname="tests.a_sync.test_modified" name="test_async_def_repr" time="0.000" /><testcase classname="tests.a_sync.test_property" name="test_property_descriptor_any_sync" time="0.001" /><testcase classname="tests.a_sync.test_property" name="test_property_descriptor_all_sync" time="0.000" /><testcase classname="tests.a_sync.test_property" name="test_property_descriptor_min_sync" time="0.000" /><testcase classname="tests.a_sync.test_property" name="test_property_descriptor_max_sync" time="0.000" /><testcase classname="tests.a_sync.test_property" name="test_property_descriptor_sum_sync" time="0.000" /><testcase classname="tests.a_sync.test_singleton" name="test_flag_predefined" time="0.000" /><testcase classname="tests.asyncio.test_create_task" name="test_create_task_with_smart_task_factory" time="1.006" /><testcase classname="tests.iter.test_asyncgenfunc" name="test_a_sync_generator_function_init" time="0.000" /><testcase classname="tests.iter.test_asyncgenfunc" name="test_a_sync_generator_function_decorate_func" time="0.000" /><testcase classname="tests.iter.test_asyncgenfunc" name="test_a_sync_generator_function_decorate_method" time="0.000" /><testcase classname="tests.iter.test_asyncgenfunc" name="test_a_sync_generator_function_call_iter" time="0.000" /><testcase classname="tests.iter.test_asyncgenfunc" name="test_a_sync_generator_method_call_iter" time="0.000" /><testcase classname="tests.iter.test_iterables" name="test_wrap_types[ASyncIterable]" time="0.000" /><testcase classname="tests.iter.test_iterables" name="test_wrap_types[ASyncIterator]" time="0.000" /><testcase classname="tests.iter.test_iterables" name="test_sync[ASyncIterable]" time="0.000" /><testcase classname="tests.iter.test_iterables" name="test_sync[ASyncIterator]" time="0.000" /><testcase classname="tests.iter.test_iterables" name="test_sync_empty[ASyncIterable]" time="0.000" /><testcase classname="tests.iter.test_iterables" name="test_sync_empty[ASyncIterator]" time="0.000" /><testcase classname="tests.iter.test_iterables" name="test_sync_partial[ASyncIterable]" time="0.000" /><testcase classname="tests.iter.test_iterables" name="test_sync_partial[ASyncIterator]" time="0.000" /><testcase classname="tests.iter.test_iterables" name="test_stop_iteration_sync[ASyncIterable]" time="0.000" /><testcase classname="tests.iter.test_iterables" name="test_stop_iteration_sync[ASyncIterator]" time="0.000" /><testcase classname="tests.iter.test_iterables" name="test_aiterable_decorated_func_sync" time="0.000" /><testcase classname="tests.iter.test_iterables" name="test_aiterator_decorated_func_sync" time="0.000" /><testcase classname="tests.iter.test_iterables" name="test_aiterable_decorated_method_sync" time="0.000" /><testcase classname="tests.iter.test_iterables" name="test_aiterator_decorated_method_sync" time="0.000" /><testcase classname="tests.iter.test_iterables" name="test_sync_error_handling[ASyncIterable]" time="0.000" /><testcase classname="tests.iter.test_iterables" name="test_sync_error_handling[ASyncIterator]" time="0.000" /><testcase classname="tests.iter.test_iterables" name="test_sync_with_iterable[ASyncIterable]" time="0.000" /><testcase classname="tests.iter.test_iterables" name="test_sync_with_iterable[ASyncIterator]" time="0.000" /><testcase classname="tests.iter.test_iterables" name="test_async_iterable_iter_method" time="0.000" /><testcase classname="tests.iter.test_iterables" name="test_async_iterator_iter_method" time="0.000" /><testcase classname="tests.iter.test_iterables" name="test_class_docstring_empty[ASyncIterable]" time="0.000" /><testcase classname="tests.iter.test_iterables" name="test_class_docstring_empty[ASyncIterator]" time="0.000" /><testcase classname="tests.iter.test_iterables" name="test_class_docstring_empty[ASyncFilter]" time="0.000" /><testcase classname="tests.iter.test_iterables" name="test_class_docstring_empty[ASyncSorter]" time="0.000" /><testcase classname="tests.iter.test_iterables" name="test_class_docstring_append[ASyncIterable]" time="0.000" /><testcase classname="tests.iter.test_iterables" name="test_class_docstring_append[ASyncIterator]" time="0.000" /><testcase classname="tests.iter.test_iterables" name="test_class_docstring_append[ASyncFilter]" time="0.000" /><testcase classname="tests.iter.test_iterables" name="test_class_docstring_append[ASyncSorter]" time="0.000" /><testcase classname="tests.iter.test_iterables" name="test_method_docstring_replacement[ASyncIterable]" time="0.000" /><testcase classname="tests.iter.test_iterables" name="test_method_docstring_replacement[ASyncIterator]" time="0.000" /><testcase classname="tests.iter.test_iterables" name="test_method_docstring_replacement[ASyncFilter]" time="0.000" /><testcase classname="tests.iter.test_iterables" name="test_method_docstring_replacement[ASyncSorter]" time="0.000" /><testcase classname="tests.iter.test_iterables" name="test_typevar_default[ASyncIterable]" time="0.000" /><testcase classname="tests.iter.test_iterables" name="test_typevar_default[ASyncIterator]" time="0.000" /><testcase classname="tests.iter.test_iterables" name="test_typevar_default[ASyncFilter]" time="0.000" /><testcase classname="tests.iter.test_iterables" name="test_typevar_default[ASyncSorter]" time="0.000" /><testcase classname="tests.iter.test_iterables" name="test_typevar_specified[ASyncIterable]" time="0.000" /><testcase classname="tests.iter.test_iterables" name="test_typevar_specified[ASyncIterator]" time="0.000" /><testcase classname="tests.iter.test_iterables" name="test_typevar_specified[ASyncFilter]" time="0.000" /><testcase classname="tests.iter.test_iterables" name="test_typevar_specified[ASyncSorter]" time="0.000" /><testcase classname="tests.iter.test_iterables" name="test_typevar_default_obj[ASyncIterable]" time="0.000" /><testcase classname="tests.iter.test_iterables" name="test_typevar_default_obj[ASyncIterator]" time="0.000" /><testcase classname="tests.iter.test_iterables" name="test_typevar_default_obj[ASyncFilter]" time="0.000" /><testcase classname="tests.iter.test_iterables" name="test_typevar_default_obj[ASyncSorter]" time="0.000" /><testcase classname="tests.iter.test_iterables" name="test_init_subclass_with_typevar[ASyncIterable]" time="0.000" /><testcase classname="tests.iter.test_iterables" name="test_init_subclass_with_typevar[ASyncIterator]" time="0.000" /><testcase classname="tests.iter.test_iterables" name="test_init_subclass_with_typevar[ASyncFilter]" time="0.000" /><testcase classname="tests.iter.test_iterables" name="test_init_subclass_with_typevar[ASyncSorter]" time="0.000" /><testcase classname="tests.iter.test_iterables" name="test_init_subclass_with_generic_alias[ASyncIterable]" time="0.000" /><testcase classname="tests.iter.test_iterables" name="test_init_subclass_with_generic_alias[ASyncIterator]" time="0.000" /><testcase classname="tests.iter.test_iterables" name="test_init_subclass_with_generic_alias[ASyncFilter]" time="0.000" /><testcase classname="tests.iter.test_iterables" name="test_init_subclass_with_generic_alias[ASyncSorter]" time="0.000" /><testcase classname="tests.mypy.test_mypy_plugin" name="test_proxy_and_future_attribute_typing" time="1.124" /><testcase classname="tests.mypy.test_mypy_plugin" name="test_proxy_and_future_missing_attribute_errors" time="0.857" /><testcase classname="tests.mypy.test_mypy_plugin" name="test_property_descriptor_typing" time="0.868" /><testcase classname="tests.mypy.test_mypy_plugin" name="test_a_sync_decorator_default_resolution" time="0.995" /><testcase classname="tests.mypy.test_mypy_plugin" name="test_flag_conflict_hook_reports_error" time="0.835" /><testcase classname="tests.mypy.test_mypy_plugin" name="test_metaclass_wraps_sync_methods_and_descriptors" time="0.865" /><testcase classname="tests.mypy.test_mypy_plugin" name="test_async_generator_descriptor_typing" time="0.935" /><testcase classname="tests.mypy.test_mypy_plugin" name="test_a_sync_decorator_in_conditional_scope_does_not_internal_error" time="0.838" /><testcase classname="tests.mypy.test_mypy_plugin_conditional_scope_sync_regression" name="test_a_sync_decorator_sync_literal_in_conditional_scope_no_internal_error" time="0.845" /><testcase classname="tests.mypy.test_mypy_plugin_sync_default_regression" name="test_a_sync_callable_sync_default_preserves_signature" time="0.817"><failure message="assert ['&quot;a_sync.a_s...t[Any, Any]&quot;'] == ['&quot;a_sync.a_s...iltins.int]&quot;']&#10;  At index 0 diff: '&quot;a_sync.a_sync.function.ASyncFunctionSyncDefault[Any, Any]&quot;' != '&quot;a_sync.a_sync.function.ASyncFunctionSyncDefault[[value: builtins.int], builtins.int]&quot;'&#10;  Use -v to get the full diff">tmp_path = PosixPath('/tmp/pytest-of-root/pytest-0/test_a_sync_callable_sync_defa0')

    def test_a_sync_callable_sync_default_preserves_signature(tmp_path: Path) -&gt; None:
        output = _run_mypy(
            tmp_path,
            """
            from a_sync.a_sync.decorator import a_sync
    
            async def base(value: int) -&gt; int:
                return value
    
            wrapped = a_sync(base, default="sync")
            reveal_type(wrapped)
            """,
        )
&gt;       assert _revealed_sequence(output) == [
            '"a_sync.a_sync.function.ASyncFunctionSyncDefault[[value: builtins.int], builtins.int]"',
        ]
E       assert ['"a_sync.a_s...t[Any, Any]"'] == ['"a_sync.a_s...iltins.int]"']
E         At index 0 diff: '"a_sync.a_sync.function.ASyncFunctionSyncDefault[Any, Any]"' != '"a_sync.a_sync.function.ASyncFunctionSyncDefault[[value: builtins.int], builtins.int]"'
E         Use -v to get the full diff

tests/mypy/test_mypy_plugin_sync_default_regression.py:52: AssertionError</failure></testcase><testcase classname="tests.mypy.test_mypy_plugin_sync_default_syncfn_regression" name="test_a_sync_callable_sync_default_syncfn_preserves_signature" time="0.819"><failure message="assert ['&quot;a_sync.a_s...t[Any, Any]&quot;'] == ['&quot;a_sync.a_s...iltins.int]&quot;']&#10;  At index 0 diff: '&quot;a_sync.a_sync.function.ASyncFunctionSyncDefault[Any, Any]&quot;' != '&quot;a_sync.a_sync.function.ASyncFunctionSyncDefault[[value: builtins.int], builtins.int]&quot;'&#10;  Use -v to get the full diff">tmp_path = PosixPath('/tmp/pytest-of-root/pytest-0/test_a_sync_callable_sync_defa1')

    def test_a_sync_callable_sync_default_syncfn_preserves_signature(tmp_path: Path) -&gt; None:
        output = _run_mypy(
            tmp_path,
            """
            from a_sync.a_sync.decorator import a_sync
    
            def base(value: int) -&gt; int:
                return value
    
            wrapped = a_sync(base, default="sync")
            reveal_type(wrapped)
            """,
        )
&gt;       assert _revealed_sequence(output) == [
            '"a_sync.a_sync.function.ASyncFunctionSyncDefault[[value: builtins.int], builtins.int]"',
        ]
E       assert ['"a_sync.a_s...t[Any, Any]"'] == ['"a_sync.a_s...iltins.int]"']
E         At index 0 diff: '"a_sync.a_sync.function.ASyncFunctionSyncDefault[Any, Any]"' != '"a_sync.a_sync.function.ASyncFunctionSyncDefault[[value: builtins.int], builtins.int]"'
E         Use -v to get the full diff

tests/mypy/test_mypy_plugin_sync_default_syncfn_regression.py:52: AssertionError</failure></testcase><testcase classname="tests.primitives.test_counter" name="test_counterlock_invalid_start_value" time="0.000" /><testcase classname="tests.primitives.test_prio_semaphore" name="test_prio_semaphore_init" time="0.000" /><testcase classname="tests.primitives.test_semaphore" name="test_semaphore_init" time="0.000" /><testcase classname="tests.primitives.test_semaphore" name="test_semaphore_negative_initial_value" time="0.000" /><testcase classname="tests.task.test_task" name="test_taskmapping_views_sync" time="0.102" /><testcase classname="tests.task.test_task" name="test_unwrap_basic" time="0.000" /><testcase classname="tests.task.test_task" name="test_unwrap_a_sync_function_sync_def" time="0.000" /><testcase classname="tests.task.test_task" name="test_unwrap_a_sync_function_async_def" time="0.000" /><testcase classname="tests.task.test_task" name="test_unwrap_a_sync_function_sync_def_sync_default" time="0.000" /><testcase classname="tests.task.test_task" name="test_unwrap_a_sync_function_async_def_sync_default" time="0.000" /><testcase classname="tests.task.test_task" name="test_unwrap_a_sync_function_sync_def_async_default" time="0.000" /><testcase classname="tests.task.test_task" name="test_unwrap_a_sync_function_async_def_async_default" time="0.000" /><testcase classname="tests.task.test_task" name="test_unwrap_a_sync_method_sync_def" time="0.000" /><testcase classname="tests.task.test_task" name="test_unwrap_a_sync_method_async_def" time="0.000" /><testcase classname="tests.task.test_task" name="test_unwrap_a_sync_method_sync_def_sync_defult" time="0.000" /><testcase classname="tests.task.test_task" name="test_unwrap_a_sync_method_async_def_sync_defult" time="0.000" /><testcase classname="tests.task.test_task" name="test_unwrap_a_sync_method_sync_def_async_default" time="0.000" /><testcase classname="tests.task.test_task" name="test_unwrap_a_sync_method_async_def_async_default" time="0.000" /><testcase classname="tests.task.test_task" name="test_unwrap_does_not_retain_callable_or_its_captured_state" time="0.000"><failure message="AssertionError: assert &lt;function test_unwrap_does_not_retain_callable_or_its_captured_state.&lt;locals&gt;.operation at 0xfb305e666c00&gt; is None&#10; +  where &lt;function test_unwrap_does_not_retain_callable_or_its_captured_state.&lt;locals&gt;.operation at 0xfb305e666c00&gt; = &lt;weakref at 0xfb305e5f1170; to 'function' at 0xfb305e666c00 (operation)&gt;()">def test_unwrap_does_not_retain_callable_or_its_captured_state():
        from weakref import ref
    
        class State:
            pass
    
        state = State()
        state_ref = ref(state)
    
        async def operation(key, captured=state):
            return key, captured
    
        operation_ref = ref(operation)
        assert _unwrap(operation) is operation
        del operation, state
&gt;       assert operation_ref() is None
E       AssertionError: assert &lt;function test_unwrap_does_not_retain_callable_or_its_captured_state.&lt;locals&gt;.operation at 0xfb305e666c00&gt; is None
E        +  where &lt;function test_unwrap_does_not_retain_callable_or_its_captured_state.&lt;locals&gt;.operation at 0xfb305e666c00&gt; = &lt;weakref at 0xfb305e5f1170; to 'function' at 0xfb305e666c00 (operation)&gt;()

tests/task/test_task.py:691: AssertionError</failure></testcase><testcase classname="tests.task.test_task_mapping_views" name="test_taskmapping_views_sync[TaskMappingKeys-expected0]" time="0.000" /><testcase classname="tests.task.test_task_mapping_views" name="test_taskmapping_views_sync[TaskMappingValues-expected1]" time="0.000" /><testcase classname="tests.task.test_task_mapping_views" name="test_taskmapping_views_sync[TaskMappingItems-expected2]" time="0.000" /><testcase classname="tests.task.test_task_mapping_views" name="test_empty_taskmapping_views_sync[TaskMappingKeys]" time="0.000" /><testcase classname="tests.task.test_task_mapping_views" name="test_empty_taskmapping_views_sync[TaskMappingValues]" time="0.000" /><testcase classname="tests.task.test_task_mapping_views" name="test_empty_taskmapping_views_sync[TaskMappingItems]" time="0.000" /><testcase classname="tests.task.test_task_mapping_views" name="test_single_item_taskmapping_views_sync[TaskMappingKeys-expected0]" time="0.000" /><testcase classname="tests.task.test_task_mapping_views" name="test_single_item_taskmapping_views_sync[TaskMappingValues-expected1]" time="0.000" /><testcase classname="tests.task.test_task_mapping_views" name="test_single_item_taskmapping_views_sync[TaskMappingItems-expected2]" time="0.000" /><testcase classname="tests.utils.test_iterators" name="test_done_repr_no_exception" time="0.000" /><testcase classname="tests.utils.test_iterators" name="test_done_repr_with_exception" time="0.000" /><testcase classname="tests.utils.test_iterators" name="test_done_tb_returns_exception_traceback" time="0.000" /><testcase classname="tests.utils.test_repr" name="test_repr_trunc_list" time="0.000" /><testcase classname="tests.utils.test_repr" name="test_repr_trunc_tuple" time="0.000" /><testcase classname="tests.utils.test_repr" name="test_repr_trunc_dict" time="0.000" /><testcase classname="tests.utils.test_repr" name="test_repr_trunc_dict_keys" time="0.000" /><testcase classname="tests.utils.test_repr" name="test_repr_trunc_dict_values" time="0.000" /><testcase classname="tests.utils.test_repr" name="test_repr_trunc_dict_items" time="0.000" /></testsuite></testsuites>