<?xml version="1.0" encoding="utf-8"?><testsuites><testsuite name="pytest" errors="0" failures="0" skipped="0" tests="47" time="24.384" timestamp="2026-09-14T13:36:07.438940" hostname="cef0f7039bc6"><testcase classname="tests.test_smart" name="test_smart_future_init_no_args" time="0.000" /><testcase classname="tests.test_smart" name="test_smart_future_init_loop_arg" time="0.000" /><testcase classname="tests.test_smart" name="test_smart_task_name" time="0.000" /><testcase classname="tests.a_sync.test_property" name="test_property_descriptor_sum_async" time="0.004" /><testcase classname="tests.test_smart" name="test_shield_exc" time="0.004" /><testcase classname="tests.a_sync.test_property" name="test_property_descriptor_min_async" time="0.004" /><testcase classname="tests.test_smart" name="test_smart_task_await_cancelled" time="0.004" /><testcase classname="tests.a_sync.test_property" name="test_property_descriptor_all_async" time="0.004" /><testcase classname="tests.test_smart" name="test_smart_future_await_cancelled" time="0.004" /><testcase classname="tests.test_smart" name="test_shield_cancel_inner" time="0.004" /><testcase classname="tests.test_smart" name="test_smart_task_await_exc" time="0.004" /><testcase classname="tests.a_sync.test_property" name="test_property_descriptor_max_async" time="0.004" /><testcase classname="tests.a_sync.test_property" name="test_property_descriptor_any_async" time="0.004" /><testcase classname="tests.test_smart" name="test_smart_future_await_exc" time="0.004" /><testcase classname="tests.test_smart" name="test_smart_future_await" time="0.004" /><testcase classname="tests.test_smart" name="test_smart_task_await" time="0.106" /><testcase classname="tests.test_smart" name="test_shield_cancel_outer" time="1.004" /><testcase classname="tests.test_smart" name="test_shield" time="1.004" /><testcase classname="tests.a_sync.test_cached_property_ownership" name="test_cached_loader_releases_instances_and_reuses_values[False-AsyncCachedPropertyDescriptor]" time="0.001" /><testcase classname="tests.a_sync.test_cached_property_ownership" name="test_cached_loader_releases_instances_and_reuses_values[False-ASyncCachedPropertyDescriptor]" time="0.001" /><testcase classname="tests.a_sync.test_cached_property_ownership" name="test_cached_loader_releases_instances_and_reuses_values[True-AsyncCachedPropertyDescriptor]" time="0.001" /><testcase classname="tests.a_sync.test_cached_property_ownership" name="test_cached_loader_releases_instances_and_reuses_values[True-ASyncCachedPropertyDescriptor]" time="0.001" /><testcase classname="tests.a_sync.test_property" name="test_property_descriptor_any_sync" time="0.002" /><testcase classname="tests.a_sync.test_property" name="test_property_descriptor_all_sync" time="0.000" /><testcase classname="tests.a_sync.test_property" name="test_property_descriptor_min_sync" time="0.000" /><testcase classname="tests.a_sync.test_property" name="test_property_descriptor_max_sync" time="0.000" /><testcase classname="tests.a_sync.test_property" name="test_property_descriptor_sum_sync" time="0.000" /><testcase classname="tests.test_smart" name="test_set_smart_task_factory" time="0.104" /><testcase classname="tests.test_smart" name="test_set_smart_task_factory_with_loop" time="0.105" /><testcase classname="tests.test_smart_ownership" name="test_completed_await_releases_caller_callbacks_and_results[success-future]" time="0.001" /><testcase classname="tests.test_smart_ownership" name="test_completed_await_releases_caller_callbacks_and_results[success-task]" time="0.001" /><testcase classname="tests.test_smart_ownership" name="test_completed_await_releases_caller_callbacks_and_results[success-shield]" time="0.001" /><testcase classname="tests.test_smart_ownership" name="test_completed_await_releases_caller_callbacks_and_results[failure-future]" time="0.001" /><testcase classname="tests.test_smart_ownership" name="test_completed_await_releases_caller_callbacks_and_results[failure-task]" time="0.001" /><testcase classname="tests.test_smart_ownership" name="test_completed_await_releases_caller_callbacks_and_results[failure-shield]" time="0.001" /><testcase classname="tests.test_smart_ownership" name="test_completed_await_releases_caller_callbacks_and_results[cancel-future]" time="0.001" /><testcase classname="tests.test_smart_ownership" name="test_completed_await_releases_caller_callbacks_and_results[cancel-task]" time="0.000" /><testcase classname="tests.test_smart_ownership" name="test_completed_await_releases_caller_callbacks_and_results[cancel-shield]" time="0.000" /><testcase classname="tests.mypy.test_mypy_plugin" name="test_proxy_and_future_attribute_typing" time="2.577" /><testcase classname="tests.mypy.test_mypy_plugin" name="test_proxy_and_future_missing_attribute_errors" time="2.541" /><testcase classname="tests.mypy.test_mypy_plugin" name="test_property_descriptor_typing" time="2.545" /><testcase classname="tests.mypy.test_mypy_plugin" name="test_a_sync_decorator_default_resolution" time="2.687" /><testcase classname="tests.mypy.test_mypy_plugin" name="test_flag_conflict_hook_reports_error" time="2.550" /><testcase classname="tests.mypy.test_mypy_plugin" name="test_metaclass_wraps_sync_methods_and_descriptors" time="2.552" /><testcase classname="tests.mypy.test_mypy_plugin" name="test_metaclass_preserves_method_and_cached_property_body_checks" time="2.538" /><testcase classname="tests.mypy.test_mypy_plugin" name="test_async_generator_descriptor_typing" time="2.542" /><testcase classname="tests.mypy.test_mypy_plugin" name="test_a_sync_decorator_in_conditional_scope_does_not_internal_error" time="2.561" /></testsuite></testsuites>
