<?xml version="1.0" encoding="utf-8"?><testsuites><testsuite name="pytest" errors="0" failures="0" skipped="0" tests="14" time="0.045" timestamp="2026-09-14T12:30:11.063213" hostname="896ddb8189a2"><testcase classname="tests.a_sync.test_property" name="test_property_descriptor_min_async" time="0.001" /><testcase classname="tests.a_sync.test_property" name="test_property_descriptor_max_async" time="0.000" /><testcase classname="tests.a_sync.test_property" name="test_property_descriptor_any_async" time="0.001" /><testcase classname="tests.a_sync.test_property" name="test_property_descriptor_all_async" time="0.001" /><testcase classname="tests.a_sync.test_property" name="test_property_descriptor_sum_async" time="0.000" /><testcase classname="tests.a_sync.test_cached_property_ownership" name="test_cached_loader_releases_instances_and_reuses_values[False-AsyncCachedPropertyDescriptor]" time="0.000" /><testcase classname="tests.a_sync.test_cached_property_ownership" name="test_cached_loader_releases_instances_and_reuses_values[False-ASyncCachedPropertyDescriptor]" time="0.000" /><testcase classname="tests.a_sync.test_cached_property_ownership" name="test_cached_loader_releases_instances_and_reuses_values[True-AsyncCachedPropertyDescriptor]" time="0.000" /><testcase classname="tests.a_sync.test_cached_property_ownership" name="test_cached_loader_releases_instances_and_reuses_values[True-ASyncCachedPropertyDescriptor]" time="0.000" /><testcase classname="tests.a_sync.test_property" name="test_property_descriptor_any_sync" time="0.000" /><testcase classname="tests.a_sync.test_property" name="test_property_descriptor_all_sync" time="0.000" /><testcase classname="tests.a_sync.test_property" name="test_property_descriptor_min_sync" time="0.000" /><testcase classname="tests.a_sync.test_property" name="test_property_descriptor_max_sync" time="0.000" /><testcase classname="tests.a_sync.test_property" name="test_property_descriptor_sum_sync" time="0.000" /></testsuite></testsuites>
